CRITICAL - 2023-01-31 11:29:57 --> parse_url() expects at least 1 parameter, 0 given
in APPPATH\Views\especies.php on line 1.
 1 [internal function]: CodeIgniter\Debug\Exceptions->errorHandler(2, 'parse_url() expects at least 1 parameter, 0 given', 'APPPATH\\Views\\especies.php', 1, [...])
 2 APPPATH\Views\especies.php(1): parse_url()
 3 SYSTEMPATH\View\View.php(213): include('APPPATH\\Views\\especies.php')
 4 SYSTEMPATH\View\View.php(216): CodeIgniter\View\View->CodeIgniter\View\{closure}()
 5 SYSTEMPATH\Common.php(1177): CodeIgniter\View\View->render('especies', [], true)
 6 APPPATH\Controllers\Home.php(17): view('especies', [...])
 7 SYSTEMPATH\CodeIgniter.php(934): App\Controllers\Home->especies()
 8 SYSTEMPATH\CodeIgniter.php(499): CodeIgniter\CodeIgniter->runController(Object(App\Controllers\Home))
 9 SYSTEMPATH\CodeIgniter.php(368): CodeIgniter\CodeIgniter->handleRequest(null, Object(Config\Cache), false)
10 FCPATH\index.php(67): CodeIgniter\CodeIgniter->run()
CRITICAL - 2023-01-31 11:30:49 --> parse_url() expects parameter 1 to be string, array given
in APPPATH\Views\especies.php on line 1.
 1 [internal function]: CodeIgniter\Debug\Exceptions->errorHandler(2, 'parse_url() expects parameter 1 to be string, array given', 'APPPATH\\Views\\especies.php', 1, [...])
 2 APPPATH\Views\especies.php(1): parse_url([])
 3 SYSTEMPATH\View\View.php(213): include('APPPATH\\Views\\especies.php')
 4 SYSTEMPATH\View\View.php(216): CodeIgniter\View\View->CodeIgniter\View\{closure}()
 5 SYSTEMPATH\Common.php(1177): CodeIgniter\View\View->render('especies', [], true)
 6 APPPATH\Controllers\Home.php(17): view('especies', [...])
 7 SYSTEMPATH\CodeIgniter.php(934): App\Controllers\Home->especies()
 8 SYSTEMPATH\CodeIgniter.php(499): CodeIgniter\CodeIgniter->runController(Object(App\Controllers\Home))
 9 SYSTEMPATH\CodeIgniter.php(368): CodeIgniter\CodeIgniter->handleRequest(null, Object(Config\Cache), false)
10 FCPATH\index.php(67): CodeIgniter\CodeIgniter->run()
CRITICAL - 2023-01-31 11:31:30 --> syntax error, unexpected ')'
in APPPATH\Views\especies.php on line 1.
 1 SYSTEMPATH\View\View.php(216): CodeIgniter\View\View->CodeIgniter\View\{closure}()
 2 SYSTEMPATH\Common.php(1177): CodeIgniter\View\View->render('especies', [], true)
 3 APPPATH\Controllers\Home.php(17): view('especies', [...])
 4 SYSTEMPATH\CodeIgniter.php(934): App\Controllers\Home->especies()
 5 SYSTEMPATH\CodeIgniter.php(499): CodeIgniter\CodeIgniter->runController(Object(App\Controllers\Home))
 6 SYSTEMPATH\CodeIgniter.php(368): CodeIgniter\CodeIgniter->handleRequest(null, Object(Config\Cache), false)
 7 FCPATH\index.php(67): CodeIgniter\CodeIgniter->run()
CRITICAL - 2023-01-31 11:31:31 --> syntax error, unexpected ')'
in APPPATH\Views\especies.php on line 1.
 1 SYSTEMPATH\View\View.php(216): CodeIgniter\View\View->CodeIgniter\View\{closure}()
 2 SYSTEMPATH\Common.php(1177): CodeIgniter\View\View->render('especies', [], true)
 3 APPPATH\Controllers\Home.php(17): view('especies', [...])
 4 SYSTEMPATH\CodeIgniter.php(934): App\Controllers\Home->especies()
 5 SYSTEMPATH\CodeIgniter.php(499): CodeIgniter\CodeIgniter->runController(Object(App\Controllers\Home))
 6 SYSTEMPATH\CodeIgniter.php(368): CodeIgniter\CodeIgniter->handleRequest(null, Object(Config\Cache), false)
 7 FCPATH\index.php(67): CodeIgniter\CodeIgniter->run()
CRITICAL - 2023-01-31 11:31:43 --> Use of undefined constant REQUEST_URI - assumed 'REQUEST_URI' (this will throw an Error in a future version of PHP)
in APPPATH\Views\especies.php on line 1.
 1 APPPATH\Views\especies.php(1): CodeIgniter\Debug\Exceptions->errorHandler(2, 'Use of undefined constant REQUEST_URI - assumed \'REQUEST_URI\' (this will throw an Error in a future version of PHP)', 'APPPATH\\Views\\especies.php', 1, [...])
 2 SYSTEMPATH\View\View.php(213): include('APPPATH\\Views\\especies.php')
 3 SYSTEMPATH\View\View.php(216): CodeIgniter\View\View->CodeIgniter\View\{closure}()
 4 SYSTEMPATH\Common.php(1177): CodeIgniter\View\View->render('especies', [], true)
 5 APPPATH\Controllers\Home.php(17): view('especies', [...])
 6 SYSTEMPATH\CodeIgniter.php(934): App\Controllers\Home->especies()
 7 SYSTEMPATH\CodeIgniter.php(499): CodeIgniter\CodeIgniter->runController(Object(App\Controllers\Home))
 8 SYSTEMPATH\CodeIgniter.php(368): CodeIgniter\CodeIgniter->handleRequest(null, Object(Config\Cache), false)
 9 FCPATH\index.php(67): CodeIgniter\CodeIgniter->run()
CRITICAL - 2023-01-31 11:31:48 --> Use of undefined constant REQUEST_URI - assumed 'REQUEST_URI' (this will throw an Error in a future version of PHP)
in APPPATH\Views\especies.php on line 1.
 1 APPPATH\Views\especies.php(1): CodeIgniter\Debug\Exceptions->errorHandler(2, 'Use of undefined constant REQUEST_URI - assumed \'REQUEST_URI\' (this will throw an Error in a future version of PHP)', 'APPPATH\\Views\\especies.php', 1, [...])
 2 SYSTEMPATH\View\View.php(213): include('APPPATH\\Views\\especies.php')
 3 SYSTEMPATH\View\View.php(216): CodeIgniter\View\View->CodeIgniter\View\{closure}()
 4 SYSTEMPATH\Common.php(1177): CodeIgniter\View\View->render('especies', [], true)
 5 APPPATH\Controllers\Home.php(17): view('especies', [...])
 6 SYSTEMPATH\CodeIgniter.php(934): App\Controllers\Home->especies()
 7 SYSTEMPATH\CodeIgniter.php(499): CodeIgniter\CodeIgniter->runController(Object(App\Controllers\Home))
 8 SYSTEMPATH\CodeIgniter.php(368): CodeIgniter\CodeIgniter->handleRequest(null, Object(Config\Cache), false)
 9 FCPATH\index.php(67): CodeIgniter\CodeIgniter->run()
CRITICAL - 2023-01-31 11:32:43 --> Use of undefined constant REQUEST_URI - assumed 'REQUEST_URI' (this will throw an Error in a future version of PHP)
in APPPATH\Views\especies.php on line 1.
 1 APPPATH\Views\especies.php(1): CodeIgniter\Debug\Exceptions->errorHandler(2, 'Use of undefined constant REQUEST_URI - assumed \'REQUEST_URI\' (this will throw an Error in a future version of PHP)', 'APPPATH\\Views\\especies.php', 1, [...])
 2 SYSTEMPATH\View\View.php(213): include('APPPATH\\Views\\especies.php')
 3 SYSTEMPATH\View\View.php(216): CodeIgniter\View\View->CodeIgniter\View\{closure}()
 4 SYSTEMPATH\Common.php(1177): CodeIgniter\View\View->render('especies', [], true)
 5 APPPATH\Controllers\Home.php(17): view('especies', [...])
 6 SYSTEMPATH\CodeIgniter.php(934): App\Controllers\Home->especies()
 7 SYSTEMPATH\CodeIgniter.php(499): CodeIgniter\CodeIgniter->runController(Object(App\Controllers\Home))
 8 SYSTEMPATH\CodeIgniter.php(368): CodeIgniter\CodeIgniter->handleRequest(null, Object(Config\Cache), false)
 9 FCPATH\index.php(67): CodeIgniter\CodeIgniter->run()
CRITICAL - 2023-01-31 11:33:20 --> Cannot use [] for reading
in APPPATH\Views\especies.php on line 1.
 1 [internal function]: CodeIgniter\Debug\Exceptions->shutdownHandler()
