ERROR - 2023-02-15 21:58:46 --> mysqli_sql_exception: Unknown column 'id_cliente' in 'order clause' in C:\laragon\www\sistema_vendas_comfauna_2.0\system\Database\MySQLi\Connection.php:295
Stack trace:
#0 C:\laragon\www\sistema_vendas_comfauna_2.0\system\Database\MySQLi\Connection.php(295): mysqli->query('SELECT especies...', 0)
#1 C:\laragon\www\sistema_vendas_comfauna_2.0\system\Database\BaseConnection.php(691): CodeIgniter\Database\MySQLi\Connection->execute('SELECT especies...')
#2 C:\laragon\www\sistema_vendas_comfauna_2.0\system\Database\BaseConnection.php(605): CodeIgniter\Database\BaseConnection->simpleQuery('SELECT especies...')
#3 C:\laragon\www\sistema_vendas_comfauna_2.0\app\Controllers\Home.php(156): CodeIgniter\Database\BaseConnection->query('SELECT especies...')
#4 C:\laragon\www\sistema_vendas_comfauna_2.0\system\CodeIgniter.php(934): App\Controllers\Home->vendas()
#5 C:\laragon\www\sistema_vendas_comfauna_2.0\system\CodeIgniter.php(499): CodeIgniter\CodeIgniter->runController(Object(App\Controllers\Home))
#6 C:\laragon\www\sistema_vendas_comfauna_2.0\system\CodeIgniter.php(368): CodeIgniter\CodeIgniter->handleRequest(NULL, Object(Config\Cache), false)
#7 C:\laragon\www\sistema_vendas_comfauna_2.0\public\index.php(67): CodeIgniter\CodeIgniter->run()
#8 {main}
CRITICAL - 2023-02-15 21:58:46 --> Unknown column 'id_cliente' in 'order clause'
in SYSTEMPATH\Database\BaseConnection.php on line 645.
 1 APPPATH\Controllers\Home.php(156): CodeIgniter\Database\BaseConnection->query('SELECT especies.nome_cientifico, produto_final.numeracao FROM especies INNER JOIN produto_final ON especies.id_especie=produto_final.id_categoria_especie ORDER BY id_cliente DESC')
 2 SYSTEMPATH\CodeIgniter.php(934): App\Controllers\Home->vendas()
 3 SYSTEMPATH\CodeIgniter.php(499): CodeIgniter\CodeIgniter->runController(Object(App\Controllers\Home))
 4 SYSTEMPATH\CodeIgniter.php(368): CodeIgniter\CodeIgniter->handleRequest(null, Object(Config\Cache), false)
 5 FCPATH\index.php(67): CodeIgniter\CodeIgniter->run()
ERROR - 2023-02-15 23:04:53 --> mysqli_sql_exception: Unknown column 'id_os' in 'where clause' in C:\laragon\www\sistema_vendas_comfauna_2.0\system\Database\MySQLi\Connection.php:295
Stack trace:
#0 C:\laragon\www\sistema_vendas_comfauna_2.0\system\Database\MySQLi\Connection.php(295): mysqli->query('SELECT valor_un...', 0)
#1 C:\laragon\www\sistema_vendas_comfauna_2.0\system\Database\BaseConnection.php(691): CodeIgniter\Database\MySQLi\Connection->execute('SELECT valor_un...')
#2 C:\laragon\www\sistema_vendas_comfauna_2.0\system\Database\BaseConnection.php(605): CodeIgniter\Database\BaseConnection->simpleQuery('SELECT valor_un...')
#3 C:\laragon\www\sistema_vendas_comfauna_2.0\app\Controllers\Vendas.php(133): CodeIgniter\Database\BaseConnection->query('SELECT valor_un...')
#4 C:\laragon\www\sistema_vendas_comfauna_2.0\system\CodeIgniter.php(934): App\Controllers\Vendas->buscaPrecoExemplar()
#5 C:\laragon\www\sistema_vendas_comfauna_2.0\system\CodeIgniter.php(499): CodeIgniter\CodeIgniter->runController(Object(App\Controllers\Vendas))
#6 C:\laragon\www\sistema_vendas_comfauna_2.0\system\CodeIgniter.php(368): CodeIgniter\CodeIgniter->handleRequest(NULL, Object(Config\Cache), false)
#7 C:\laragon\www\sistema_vendas_comfauna_2.0\public\index.php(67): CodeIgniter\CodeIgniter->run()
#8 {main}
CRITICAL - 2023-02-15 23:04:53 --> Unknown column 'id_os' in 'where clause'
in SYSTEMPATH\Database\BaseConnection.php on line 645.
 1 APPPATH\Controllers\Vendas.php(133): CodeIgniter\Database\BaseConnection->query('SELECT valor_un FROM produto_final
    WHERE id_os =\'Array\'')
 2 SYSTEMPATH\CodeIgniter.php(934): App\Controllers\Vendas->buscaPrecoExemplar()
 3 SYSTEMPATH\CodeIgniter.php(499): CodeIgniter\CodeIgniter->runController(Object(App\Controllers\Vendas))
 4 SYSTEMPATH\CodeIgniter.php(368): CodeIgniter\CodeIgniter->handleRequest(null, Object(Config\Cache), false)
 5 FCPATH\index.php(67): CodeIgniter\CodeIgniter->run()
ERROR - 2023-02-15 23:06:22 --> mysqli_sql_exception: Unknown column 'id_os' in 'where clause' in C:\laragon\www\sistema_vendas_comfauna_2.0\system\Database\MySQLi\Connection.php:295
Stack trace:
#0 C:\laragon\www\sistema_vendas_comfauna_2.0\system\Database\MySQLi\Connection.php(295): mysqli->query('SELECT valor_un...', 0)
#1 C:\laragon\www\sistema_vendas_comfauna_2.0\system\Database\BaseConnection.php(691): CodeIgniter\Database\MySQLi\Connection->execute('SELECT valor_un...')
#2 C:\laragon\www\sistema_vendas_comfauna_2.0\system\Database\BaseConnection.php(605): CodeIgniter\Database\BaseConnection->simpleQuery('SELECT valor_un...')
#3 C:\laragon\www\sistema_vendas_comfauna_2.0\app\Controllers\Vendas.php(133): CodeIgniter\Database\BaseConnection->query('SELECT valor_un...')
#4 C:\laragon\www\sistema_vendas_comfauna_2.0\system\CodeIgniter.php(934): App\Controllers\Vendas->buscaPrecoExemplar()
#5 C:\laragon\www\sistema_vendas_comfauna_2.0\system\CodeIgniter.php(499): CodeIgniter\CodeIgniter->runController(Object(App\Controllers\Vendas))
#6 C:\laragon\www\sistema_vendas_comfauna_2.0\system\CodeIgniter.php(368): CodeIgniter\CodeIgniter->handleRequest(NULL, Object(Config\Cache), false)
#7 C:\laragon\www\sistema_vendas_comfauna_2.0\public\index.php(67): CodeIgniter\CodeIgniter->run()
#8 {main}
CRITICAL - 2023-02-15 23:06:22 --> Unknown column 'id_os' in 'where clause'
in SYSTEMPATH\Database\BaseConnection.php on line 645.
 1 APPPATH\Controllers\Vendas.php(133): CodeIgniter\Database\BaseConnection->query('SELECT valor_un FROM produto_final
    WHERE id_os =\'Array\'')
 2 SYSTEMPATH\CodeIgniter.php(934): App\Controllers\Vendas->buscaPrecoExemplar()
 3 SYSTEMPATH\CodeIgniter.php(499): CodeIgniter\CodeIgniter->runController(Object(App\Controllers\Vendas))
 4 SYSTEMPATH\CodeIgniter.php(368): CodeIgniter\CodeIgniter->handleRequest(null, Object(Config\Cache), false)
 5 FCPATH\index.php(67): CodeIgniter\CodeIgniter->run()
ERROR - 2023-02-15 23:06:44 --> mysqli_sql_exception: Unknown column 'id_os' in 'where clause' in C:\laragon\www\sistema_vendas_comfauna_2.0\system\Database\MySQLi\Connection.php:295
Stack trace:
#0 C:\laragon\www\sistema_vendas_comfauna_2.0\system\Database\MySQLi\Connection.php(295): mysqli->query('SELECT valor_un...', 0)
#1 C:\laragon\www\sistema_vendas_comfauna_2.0\system\Database\BaseConnection.php(691): CodeIgniter\Database\MySQLi\Connection->execute('SELECT valor_un...')
#2 C:\laragon\www\sistema_vendas_comfauna_2.0\system\Database\BaseConnection.php(605): CodeIgniter\Database\BaseConnection->simpleQuery('SELECT valor_un...')
#3 C:\laragon\www\sistema_vendas_comfauna_2.0\app\Controllers\Vendas.php(133): CodeIgniter\Database\BaseConnection->query('SELECT valor_un...')
#4 C:\laragon\www\sistema_vendas_comfauna_2.0\system\CodeIgniter.php(934): App\Controllers\Vendas->buscaPrecoExemplar()
#5 C:\laragon\www\sistema_vendas_comfauna_2.0\system\CodeIgniter.php(499): CodeIgniter\CodeIgniter->runController(Object(App\Controllers\Vendas))
#6 C:\laragon\www\sistema_vendas_comfauna_2.0\system\CodeIgniter.php(368): CodeIgniter\CodeIgniter->handleRequest(NULL, Object(Config\Cache), false)
#7 C:\laragon\www\sistema_vendas_comfauna_2.0\public\index.php(67): CodeIgniter\CodeIgniter->run()
#8 {main}
CRITICAL - 2023-02-15 23:06:44 --> Unknown column 'id_os' in 'where clause'
in SYSTEMPATH\Database\BaseConnection.php on line 645.
 1 APPPATH\Controllers\Vendas.php(133): CodeIgniter\Database\BaseConnection->query('SELECT valor_un FROM produto_final
    WHERE id_os =\'Array\'')
 2 SYSTEMPATH\CodeIgniter.php(934): App\Controllers\Vendas->buscaPrecoExemplar()
 3 SYSTEMPATH\CodeIgniter.php(499): CodeIgniter\CodeIgniter->runController(Object(App\Controllers\Vendas))
 4 SYSTEMPATH\CodeIgniter.php(368): CodeIgniter\CodeIgniter->handleRequest(null, Object(Config\Cache), false)
 5 FCPATH\index.php(67): CodeIgniter\CodeIgniter->run()
ERROR - 2023-02-15 23:06:52 --> mysqli_sql_exception: Unknown column 'id_os' in 'where clause' in C:\laragon\www\sistema_vendas_comfauna_2.0\system\Database\MySQLi\Connection.php:295
Stack trace:
#0 C:\laragon\www\sistema_vendas_comfauna_2.0\system\Database\MySQLi\Connection.php(295): mysqli->query('SELECT valor_un...', 0)
#1 C:\laragon\www\sistema_vendas_comfauna_2.0\system\Database\BaseConnection.php(691): CodeIgniter\Database\MySQLi\Connection->execute('SELECT valor_un...')
#2 C:\laragon\www\sistema_vendas_comfauna_2.0\system\Database\BaseConnection.php(605): CodeIgniter\Database\BaseConnection->simpleQuery('SELECT valor_un...')
#3 C:\laragon\www\sistema_vendas_comfauna_2.0\app\Controllers\Vendas.php(133): CodeIgniter\Database\BaseConnection->query('SELECT valor_un...')
#4 C:\laragon\www\sistema_vendas_comfauna_2.0\system\CodeIgniter.php(934): App\Controllers\Vendas->buscaPrecoExemplar()
#5 C:\laragon\www\sistema_vendas_comfauna_2.0\system\CodeIgniter.php(499): CodeIgniter\CodeIgniter->runController(Object(App\Controllers\Vendas))
#6 C:\laragon\www\sistema_vendas_comfauna_2.0\system\CodeIgniter.php(368): CodeIgniter\CodeIgniter->handleRequest(NULL, Object(Config\Cache), false)
#7 C:\laragon\www\sistema_vendas_comfauna_2.0\public\index.php(67): CodeIgniter\CodeIgniter->run()
#8 {main}
CRITICAL - 2023-02-15 23:06:52 --> Unknown column 'id_os' in 'where clause'
in SYSTEMPATH\Database\BaseConnection.php on line 645.
 1 APPPATH\Controllers\Vendas.php(133): CodeIgniter\Database\BaseConnection->query('SELECT valor_un FROM produto_final
    WHERE id_os =\'Array\'')
 2 SYSTEMPATH\CodeIgniter.php(934): App\Controllers\Vendas->buscaPrecoExemplar()
 3 SYSTEMPATH\CodeIgniter.php(499): CodeIgniter\CodeIgniter->runController(Object(App\Controllers\Vendas))
 4 SYSTEMPATH\CodeIgniter.php(368): CodeIgniter\CodeIgniter->handleRequest(null, Object(Config\Cache), false)
 5 FCPATH\index.php(67): CodeIgniter\CodeIgniter->run()
ERROR - 2023-02-15 23:07:37 --> mysqli_sql_exception: Unknown column 'id_os' in 'where clause' in C:\laragon\www\sistema_vendas_comfauna_2.0\system\Database\MySQLi\Connection.php:295
Stack trace:
#0 C:\laragon\www\sistema_vendas_comfauna_2.0\system\Database\MySQLi\Connection.php(295): mysqli->query('SELECT valor_un...', 0)
#1 C:\laragon\www\sistema_vendas_comfauna_2.0\system\Database\BaseConnection.php(691): CodeIgniter\Database\MySQLi\Connection->execute('SELECT valor_un...')
#2 C:\laragon\www\sistema_vendas_comfauna_2.0\system\Database\BaseConnection.php(605): CodeIgniter\Database\BaseConnection->simpleQuery('SELECT valor_un...')
#3 C:\laragon\www\sistema_vendas_comfauna_2.0\app\Controllers\Vendas.php(133): CodeIgniter\Database\BaseConnection->query('SELECT valor_un...')
#4 C:\laragon\www\sistema_vendas_comfauna_2.0\system\CodeIgniter.php(934): App\Controllers\Vendas->buscaPrecoExemplar()
#5 C:\laragon\www\sistema_vendas_comfauna_2.0\system\CodeIgniter.php(499): CodeIgniter\CodeIgniter->runController(Object(App\Controllers\Vendas))
#6 C:\laragon\www\sistema_vendas_comfauna_2.0\system\CodeIgniter.php(368): CodeIgniter\CodeIgniter->handleRequest(NULL, Object(Config\Cache), false)
#7 C:\laragon\www\sistema_vendas_comfauna_2.0\public\index.php(67): CodeIgniter\CodeIgniter->run()
#8 {main}
CRITICAL - 2023-02-15 23:07:37 --> Unknown column 'id_os' in 'where clause'
in SYSTEMPATH\Database\BaseConnection.php on line 645.
 1 APPPATH\Controllers\Vendas.php(133): CodeIgniter\Database\BaseConnection->query('SELECT valor_un FROM produto_final
    WHERE id_os =\'Array\'')
 2 SYSTEMPATH\CodeIgniter.php(934): App\Controllers\Vendas->buscaPrecoExemplar()
 3 SYSTEMPATH\CodeIgniter.php(499): CodeIgniter\CodeIgniter->runController(Object(App\Controllers\Vendas))
 4 SYSTEMPATH\CodeIgniter.php(368): CodeIgniter\CodeIgniter->handleRequest(null, Object(Config\Cache), false)
 5 FCPATH\index.php(67): CodeIgniter\CodeIgniter->run()
ERROR - 2023-02-15 23:08:07 --> mysqli_sql_exception: Unknown column 'id_os' in 'where clause' in C:\laragon\www\sistema_vendas_comfauna_2.0\system\Database\MySQLi\Connection.php:295
Stack trace:
#0 C:\laragon\www\sistema_vendas_comfauna_2.0\system\Database\MySQLi\Connection.php(295): mysqli->query('SELECT valor_un...', 0)
#1 C:\laragon\www\sistema_vendas_comfauna_2.0\system\Database\BaseConnection.php(691): CodeIgniter\Database\MySQLi\Connection->execute('SELECT valor_un...')
#2 C:\laragon\www\sistema_vendas_comfauna_2.0\system\Database\BaseConnection.php(605): CodeIgniter\Database\BaseConnection->simpleQuery('SELECT valor_un...')
#3 C:\laragon\www\sistema_vendas_comfauna_2.0\app\Controllers\Vendas.php(133): CodeIgniter\Database\BaseConnection->query('SELECT valor_un...')
#4 C:\laragon\www\sistema_vendas_comfauna_2.0\system\CodeIgniter.php(934): App\Controllers\Vendas->buscaPrecoExemplar()
#5 C:\laragon\www\sistema_vendas_comfauna_2.0\system\CodeIgniter.php(499): CodeIgniter\CodeIgniter->runController(Object(App\Controllers\Vendas))
#6 C:\laragon\www\sistema_vendas_comfauna_2.0\system\CodeIgniter.php(368): CodeIgniter\CodeIgniter->handleRequest(NULL, Object(Config\Cache), false)
#7 C:\laragon\www\sistema_vendas_comfauna_2.0\public\index.php(67): CodeIgniter\CodeIgniter->run()
#8 {main}
CRITICAL - 2023-02-15 23:08:07 --> Unknown column 'id_os' in 'where clause'
in SYSTEMPATH\Database\BaseConnection.php on line 645.
 1 APPPATH\Controllers\Vendas.php(133): CodeIgniter\Database\BaseConnection->query('SELECT valor_un FROM produto_final
    WHERE id_os =\'Array\'')
 2 SYSTEMPATH\CodeIgniter.php(934): App\Controllers\Vendas->buscaPrecoExemplar()
 3 SYSTEMPATH\CodeIgniter.php(499): CodeIgniter\CodeIgniter->runController(Object(App\Controllers\Vendas))
 4 SYSTEMPATH\CodeIgniter.php(368): CodeIgniter\CodeIgniter->handleRequest(null, Object(Config\Cache), false)
 5 FCPATH\index.php(67): CodeIgniter\CodeIgniter->run()
ERROR - 2023-02-15 23:12:41 --> mysqli_sql_exception: Unknown column 'id_os' in 'where clause' in C:\laragon\www\sistema_vendas_comfauna_2.0\system\Database\MySQLi\Connection.php:295
Stack trace:
#0 C:\laragon\www\sistema_vendas_comfauna_2.0\system\Database\MySQLi\Connection.php(295): mysqli->query('SELECT valor_un...', 0)
#1 C:\laragon\www\sistema_vendas_comfauna_2.0\system\Database\BaseConnection.php(691): CodeIgniter\Database\MySQLi\Connection->execute('SELECT valor_un...')
#2 C:\laragon\www\sistema_vendas_comfauna_2.0\system\Database\BaseConnection.php(605): CodeIgniter\Database\BaseConnection->simpleQuery('SELECT valor_un...')
#3 C:\laragon\www\sistema_vendas_comfauna_2.0\app\Controllers\Vendas.php(133): CodeIgniter\Database\BaseConnection->query('SELECT valor_un...')
#4 C:\laragon\www\sistema_vendas_comfauna_2.0\system\CodeIgniter.php(934): App\Controllers\Vendas->buscaPrecoExemplar()
#5 C:\laragon\www\sistema_vendas_comfauna_2.0\system\CodeIgniter.php(499): CodeIgniter\CodeIgniter->runController(Object(App\Controllers\Vendas))
#6 C:\laragon\www\sistema_vendas_comfauna_2.0\system\CodeIgniter.php(368): CodeIgniter\CodeIgniter->handleRequest(NULL, Object(Config\Cache), false)
#7 C:\laragon\www\sistema_vendas_comfauna_2.0\public\index.php(67): CodeIgniter\CodeIgniter->run()
#8 {main}
CRITICAL - 2023-02-15 23:12:41 --> Unknown column 'id_os' in 'where clause'
in SYSTEMPATH\Database\BaseConnection.php on line 645.
 1 APPPATH\Controllers\Vendas.php(133): CodeIgniter\Database\BaseConnection->query('SELECT valor_un FROM produto_final
    WHERE id_os =\'Array\'')
 2 SYSTEMPATH\CodeIgniter.php(934): App\Controllers\Vendas->buscaPrecoExemplar()
 3 SYSTEMPATH\CodeIgniter.php(499): CodeIgniter\CodeIgniter->runController(Object(App\Controllers\Vendas))
 4 SYSTEMPATH\CodeIgniter.php(368): CodeIgniter\CodeIgniter->handleRequest(null, Object(Config\Cache), false)
 5 FCPATH\index.php(67): CodeIgniter\CodeIgniter->run()
ERROR - 2023-02-15 23:13:32 --> mysqli_sql_exception: Unknown column 'id_os' in 'where clause' in C:\laragon\www\sistema_vendas_comfauna_2.0\system\Database\MySQLi\Connection.php:295
Stack trace:
#0 C:\laragon\www\sistema_vendas_comfauna_2.0\system\Database\MySQLi\Connection.php(295): mysqli->query('SELECT valor_un...', 0)
#1 C:\laragon\www\sistema_vendas_comfauna_2.0\system\Database\BaseConnection.php(691): CodeIgniter\Database\MySQLi\Connection->execute('SELECT valor_un...')
#2 C:\laragon\www\sistema_vendas_comfauna_2.0\system\Database\BaseConnection.php(605): CodeIgniter\Database\BaseConnection->simpleQuery('SELECT valor_un...')
#3 C:\laragon\www\sistema_vendas_comfauna_2.0\app\Controllers\Vendas.php(133): CodeIgniter\Database\BaseConnection->query('SELECT valor_un...')
#4 C:\laragon\www\sistema_vendas_comfauna_2.0\system\CodeIgniter.php(934): App\Controllers\Vendas->buscaPrecoExemplar()
#5 C:\laragon\www\sistema_vendas_comfauna_2.0\system\CodeIgniter.php(499): CodeIgniter\CodeIgniter->runController(Object(App\Controllers\Vendas))
#6 C:\laragon\www\sistema_vendas_comfauna_2.0\system\CodeIgniter.php(368): CodeIgniter\CodeIgniter->handleRequest(NULL, Object(Config\Cache), false)
#7 C:\laragon\www\sistema_vendas_comfauna_2.0\public\index.php(67): CodeIgniter\CodeIgniter->run()
#8 {main}
CRITICAL - 2023-02-15 23:13:32 --> Unknown column 'id_os' in 'where clause'
in SYSTEMPATH\Database\BaseConnection.php on line 645.
 1 APPPATH\Controllers\Vendas.php(133): CodeIgniter\Database\BaseConnection->query('SELECT valor_un FROM produto_final
    WHERE id_os =\'Array\'')
 2 SYSTEMPATH\CodeIgniter.php(934): App\Controllers\Vendas->buscaPrecoExemplar()
 3 SYSTEMPATH\CodeIgniter.php(499): CodeIgniter\CodeIgniter->runController(Object(App\Controllers\Vendas))
 4 SYSTEMPATH\CodeIgniter.php(368): CodeIgniter\CodeIgniter->handleRequest(null, Object(Config\Cache), false)
 5 FCPATH\index.php(67): CodeIgniter\CodeIgniter->run()
ERROR - 2023-02-15 23:13:35 --> mysqli_sql_exception: Unknown column 'id_os' in 'where clause' in C:\laragon\www\sistema_vendas_comfauna_2.0\system\Database\MySQLi\Connection.php:295
Stack trace:
#0 C:\laragon\www\sistema_vendas_comfauna_2.0\system\Database\MySQLi\Connection.php(295): mysqli->query('SELECT valor_un...', 0)
#1 C:\laragon\www\sistema_vendas_comfauna_2.0\system\Database\BaseConnection.php(691): CodeIgniter\Database\MySQLi\Connection->execute('SELECT valor_un...')
#2 C:\laragon\www\sistema_vendas_comfauna_2.0\system\Database\BaseConnection.php(605): CodeIgniter\Database\BaseConnection->simpleQuery('SELECT valor_un...')
#3 C:\laragon\www\sistema_vendas_comfauna_2.0\app\Controllers\Vendas.php(133): CodeIgniter\Database\BaseConnection->query('SELECT valor_un...')
#4 C:\laragon\www\sistema_vendas_comfauna_2.0\system\CodeIgniter.php(934): App\Controllers\Vendas->buscaPrecoExemplar()
#5 C:\laragon\www\sistema_vendas_comfauna_2.0\system\CodeIgniter.php(499): CodeIgniter\CodeIgniter->runController(Object(App\Controllers\Vendas))
#6 C:\laragon\www\sistema_vendas_comfauna_2.0\system\CodeIgniter.php(368): CodeIgniter\CodeIgniter->handleRequest(NULL, Object(Config\Cache), false)
#7 C:\laragon\www\sistema_vendas_comfauna_2.0\public\index.php(67): CodeIgniter\CodeIgniter->run()
#8 {main}
CRITICAL - 2023-02-15 23:13:35 --> Unknown column 'id_os' in 'where clause'
in SYSTEMPATH\Database\BaseConnection.php on line 645.
 1 APPPATH\Controllers\Vendas.php(133): CodeIgniter\Database\BaseConnection->query('SELECT valor_un FROM produto_final
    WHERE id_os =\'Array\'')
 2 SYSTEMPATH\CodeIgniter.php(934): App\Controllers\Vendas->buscaPrecoExemplar()
 3 SYSTEMPATH\CodeIgniter.php(499): CodeIgniter\CodeIgniter->runController(Object(App\Controllers\Vendas))
 4 SYSTEMPATH\CodeIgniter.php(368): CodeIgniter\CodeIgniter->handleRequest(null, Object(Config\Cache), false)
 5 FCPATH\index.php(67): CodeIgniter\CodeIgniter->run()
ERROR - 2023-02-15 23:13:43 --> mysqli_sql_exception: Unknown column 'id_os' in 'where clause' in C:\laragon\www\sistema_vendas_comfauna_2.0\system\Database\MySQLi\Connection.php:295
Stack trace:
#0 C:\laragon\www\sistema_vendas_comfauna_2.0\system\Database\MySQLi\Connection.php(295): mysqli->query('SELECT valor_un...', 0)
#1 C:\laragon\www\sistema_vendas_comfauna_2.0\system\Database\BaseConnection.php(691): CodeIgniter\Database\MySQLi\Connection->execute('SELECT valor_un...')
#2 C:\laragon\www\sistema_vendas_comfauna_2.0\system\Database\BaseConnection.php(605): CodeIgniter\Database\BaseConnection->simpleQuery('SELECT valor_un...')
#3 C:\laragon\www\sistema_vendas_comfauna_2.0\app\Controllers\Vendas.php(133): CodeIgniter\Database\BaseConnection->query('SELECT valor_un...')
#4 C:\laragon\www\sistema_vendas_comfauna_2.0\system\CodeIgniter.php(934): App\Controllers\Vendas->buscaPrecoExemplar()
#5 C:\laragon\www\sistema_vendas_comfauna_2.0\system\CodeIgniter.php(499): CodeIgniter\CodeIgniter->runController(Object(App\Controllers\Vendas))
#6 C:\laragon\www\sistema_vendas_comfauna_2.0\system\CodeIgniter.php(368): CodeIgniter\CodeIgniter->handleRequest(NULL, Object(Config\Cache), false)
#7 C:\laragon\www\sistema_vendas_comfauna_2.0\public\index.php(67): CodeIgniter\CodeIgniter->run()
#8 {main}
CRITICAL - 2023-02-15 23:13:43 --> Unknown column 'id_os' in 'where clause'
in SYSTEMPATH\Database\BaseConnection.php on line 645.
 1 APPPATH\Controllers\Vendas.php(133): CodeIgniter\Database\BaseConnection->query('SELECT valor_un FROM produto_final
    WHERE id_os =\'Array\'')
 2 SYSTEMPATH\CodeIgniter.php(934): App\Controllers\Vendas->buscaPrecoExemplar()
 3 SYSTEMPATH\CodeIgniter.php(499): CodeIgniter\CodeIgniter->runController(Object(App\Controllers\Vendas))
 4 SYSTEMPATH\CodeIgniter.php(368): CodeIgniter\CodeIgniter->handleRequest(null, Object(Config\Cache), false)
 5 FCPATH\index.php(67): CodeIgniter\CodeIgniter->run()
ERROR - 2023-02-15 23:14:38 --> mysqli_sql_exception: Unknown column 'id_os' in 'where clause' in C:\laragon\www\sistema_vendas_comfauna_2.0\system\Database\MySQLi\Connection.php:295
Stack trace:
#0 C:\laragon\www\sistema_vendas_comfauna_2.0\system\Database\MySQLi\Connection.php(295): mysqli->query('SELECT valor_un...', 0)
#1 C:\laragon\www\sistema_vendas_comfauna_2.0\system\Database\BaseConnection.php(691): CodeIgniter\Database\MySQLi\Connection->execute('SELECT valor_un...')
#2 C:\laragon\www\sistema_vendas_comfauna_2.0\system\Database\BaseConnection.php(605): CodeIgniter\Database\BaseConnection->simpleQuery('SELECT valor_un...')
#3 C:\laragon\www\sistema_vendas_comfauna_2.0\app\Controllers\Vendas.php(134): CodeIgniter\Database\BaseConnection->query('SELECT valor_un...')
#4 C:\laragon\www\sistema_vendas_comfauna_2.0\system\CodeIgniter.php(934): App\Controllers\Vendas->buscaPrecoExemplar()
#5 C:\laragon\www\sistema_vendas_comfauna_2.0\system\CodeIgniter.php(499): CodeIgniter\CodeIgniter->runController(Object(App\Controllers\Vendas))
#6 C:\laragon\www\sistema_vendas_comfauna_2.0\system\CodeIgniter.php(368): CodeIgniter\CodeIgniter->handleRequest(NULL, Object(Config\Cache), false)
#7 C:\laragon\www\sistema_vendas_comfauna_2.0\public\index.php(67): CodeIgniter\CodeIgniter->run()
#8 {main}
CRITICAL - 2023-02-15 23:14:38 --> Unknown column 'id_os' in 'where clause'
in SYSTEMPATH\Database\BaseConnection.php on line 645.
 1 APPPATH\Controllers\Vendas.php(134): CodeIgniter\Database\BaseConnection->query('SELECT valor_un FROM produto_final
    WHERE id_os =\'1645\'')
 2 SYSTEMPATH\CodeIgniter.php(934): App\Controllers\Vendas->buscaPrecoExemplar()
 3 SYSTEMPATH\CodeIgniter.php(499): CodeIgniter\CodeIgniter->runController(Object(App\Controllers\Vendas))
 4 SYSTEMPATH\CodeIgniter.php(368): CodeIgniter\CodeIgniter->handleRequest(null, Object(Config\Cache), false)
 5 FCPATH\index.php(67): CodeIgniter\CodeIgniter->run()
