ERROR - 2023-02-09 13:06:09 --> mysqli_sql_exception: Unknown column 'disponivel' in 'where clause' in C:\laragon\www\sistema_vendas_comfauna_2.0\system\Database\MySQLi\Connection.php:295
Stack trace:
#0 C:\laragon\www\sistema_vendas_comfauna_2.0\system\Database\MySQLi\Connection.php(295): mysqli->query('SELECT * FROM p...', 0)
#1 C:\laragon\www\sistema_vendas_comfauna_2.0\system\Database\BaseConnection.php(691): CodeIgniter\Database\MySQLi\Connection->execute('SELECT * FROM p...')
#2 C:\laragon\www\sistema_vendas_comfauna_2.0\system\Database\BaseConnection.php(605): CodeIgniter\Database\BaseConnection->simpleQuery('SELECT * FROM p...')
#3 C:\laragon\www\sistema_vendas_comfauna_2.0\app\Controllers\Plantel.php(117): CodeIgniter\Database\BaseConnection->query('SELECT * FROM p...')
#4 C:\laragon\www\sistema_vendas_comfauna_2.0\system\CodeIgniter.php(934): App\Controllers\Plantel->filtraEstoque()
#5 C:\laragon\www\sistema_vendas_comfauna_2.0\system\CodeIgniter.php(499): CodeIgniter\CodeIgniter->runController(Object(App\Controllers\Plantel))
#6 C:\laragon\www\sistema_vendas_comfauna_2.0\system\CodeIgniter.php(368): CodeIgniter\CodeIgniter->handleRequest(NULL, Object(Config\Cache), false)
#7 C:\laragon\www\sistema_vendas_comfauna_2.0\public\index.php(67): CodeIgniter\CodeIgniter->run()
#8 {main}
CRITICAL - 2023-02-09 13:06:09 --> Unknown column 'disponivel' in 'where clause'
in SYSTEMPATH\Database\BaseConnection.php on line 645.
 1 APPPATH\Controllers\Plantel.php(117): CodeIgniter\Database\BaseConnection->query('SELECT * FROM produto_final
      WHERE status =disponivel OR status=reservado')
 2 SYSTEMPATH\CodeIgniter.php(934): App\Controllers\Plantel->filtraEstoque()
 3 SYSTEMPATH\CodeIgniter.php(499): CodeIgniter\CodeIgniter->runController(Object(App\Controllers\Plantel))
 4 SYSTEMPATH\CodeIgniter.php(368): CodeIgniter\CodeIgniter->handleRequest(null, Object(Config\Cache), false)
 5 FCPATH\index.php(67): CodeIgniter\CodeIgniter->run()
ERROR - 2023-02-09 13:06:10 --> mysqli_sql_exception: Unknown column 'disponivel' in 'where clause' in C:\laragon\www\sistema_vendas_comfauna_2.0\system\Database\MySQLi\Connection.php:295
Stack trace:
#0 C:\laragon\www\sistema_vendas_comfauna_2.0\system\Database\MySQLi\Connection.php(295): mysqli->query('SELECT * FROM p...', 0)
#1 C:\laragon\www\sistema_vendas_comfauna_2.0\system\Database\BaseConnection.php(691): CodeIgniter\Database\MySQLi\Connection->execute('SELECT * FROM p...')
#2 C:\laragon\www\sistema_vendas_comfauna_2.0\system\Database\BaseConnection.php(605): CodeIgniter\Database\BaseConnection->simpleQuery('SELECT * FROM p...')
#3 C:\laragon\www\sistema_vendas_comfauna_2.0\app\Controllers\Plantel.php(117): CodeIgniter\Database\BaseConnection->query('SELECT * FROM p...')
#4 C:\laragon\www\sistema_vendas_comfauna_2.0\system\CodeIgniter.php(934): App\Controllers\Plantel->filtraEstoque()
#5 C:\laragon\www\sistema_vendas_comfauna_2.0\system\CodeIgniter.php(499): CodeIgniter\CodeIgniter->runController(Object(App\Controllers\Plantel))
#6 C:\laragon\www\sistema_vendas_comfauna_2.0\system\CodeIgniter.php(368): CodeIgniter\CodeIgniter->handleRequest(NULL, Object(Config\Cache), false)
#7 C:\laragon\www\sistema_vendas_comfauna_2.0\public\index.php(67): CodeIgniter\CodeIgniter->run()
#8 {main}
CRITICAL - 2023-02-09 13:06:10 --> Unknown column 'disponivel' in 'where clause'
in SYSTEMPATH\Database\BaseConnection.php on line 645.
 1 APPPATH\Controllers\Plantel.php(117): CodeIgniter\Database\BaseConnection->query('SELECT * FROM produto_final
      WHERE status =disponivel OR status=reservado OR status=vendido')
 2 SYSTEMPATH\CodeIgniter.php(934): App\Controllers\Plantel->filtraEstoque()
 3 SYSTEMPATH\CodeIgniter.php(499): CodeIgniter\CodeIgniter->runController(Object(App\Controllers\Plantel))
 4 SYSTEMPATH\CodeIgniter.php(368): CodeIgniter\CodeIgniter->handleRequest(null, Object(Config\Cache), false)
 5 FCPATH\index.php(67): CodeIgniter\CodeIgniter->run()
ERROR - 2023-02-09 13:09:11 --> mysqli_sql_exception: You have an error in your SQL syntax; check the manual that corresponds to your MySQL server version for the right syntax to use near '' vendido' at line 2 in C:\laragon\www\sistema_vendas_comfauna_2.0\system\Database\MySQLi\Connection.php:295
Stack trace:
#0 C:\laragon\www\sistema_vendas_comfauna_2.0\system\Database\MySQLi\Connection.php(295): mysqli->query('SELECT * FROM p...', 0)
#1 C:\laragon\www\sistema_vendas_comfauna_2.0\system\Database\BaseConnection.php(691): CodeIgniter\Database\MySQLi\Connection->execute('SELECT * FROM p...')
#2 C:\laragon\www\sistema_vendas_comfauna_2.0\system\Database\BaseConnection.php(605): CodeIgniter\Database\BaseConnection->simpleQuery('SELECT * FROM p...')
#3 C:\laragon\www\sistema_vendas_comfauna_2.0\app\Controllers\Plantel.php(117): CodeIgniter\Database\BaseConnection->query('SELECT * FROM p...')
#4 C:\laragon\www\sistema_vendas_comfauna_2.0\system\CodeIgniter.php(934): App\Controllers\Plantel->filtraEstoque()
#5 C:\laragon\www\sistema_vendas_comfauna_2.0\system\CodeIgniter.php(499): CodeIgniter\CodeIgniter->runController(Object(App\Controllers\Plantel))
#6 C:\laragon\www\sistema_vendas_comfauna_2.0\system\CodeIgniter.php(368): CodeIgniter\CodeIgniter->handleRequest(NULL, Object(Config\Cache), false)
#7 C:\laragon\www\sistema_vendas_comfauna_2.0\public\index.php(67): CodeIgniter\CodeIgniter->run()
#8 {main}
CRITICAL - 2023-02-09 13:09:11 --> You have an error in your SQL syntax; check the manual that corresponds to your MySQL server version for the right syntax to use near '' vendido' at line 2
in SYSTEMPATH\Database\BaseConnection.php on line 645.
 1 APPPATH\Controllers\Plantel.php(117): CodeIgniter\Database\BaseConnection->query('SELECT * FROM produto_final
      WHERE status =disponivel OR status= \' vendido')
 2 SYSTEMPATH\CodeIgniter.php(934): App\Controllers\Plantel->filtraEstoque()
 3 SYSTEMPATH\CodeIgniter.php(499): CodeIgniter\CodeIgniter->runController(Object(App\Controllers\Plantel))
 4 SYSTEMPATH\CodeIgniter.php(368): CodeIgniter\CodeIgniter->handleRequest(null, Object(Config\Cache), false)
 5 FCPATH\index.php(67): CodeIgniter\CodeIgniter->run()
ERROR - 2023-02-09 13:10:40 --> mysqli_sql_exception: You have an error in your SQL syntax; check the manual that corresponds to your MySQL server version for the right syntax to use near ''OR status= ' vendido' at line 2 in C:\laragon\www\sistema_vendas_comfauna_2.0\system\Database\MySQLi\Connection.php:295
Stack trace:
#0 C:\laragon\www\sistema_vendas_comfauna_2.0\system\Database\MySQLi\Connection.php(295): mysqli->query('SELECT * FROM p...', 0)
#1 C:\laragon\www\sistema_vendas_comfauna_2.0\system\Database\BaseConnection.php(691): CodeIgniter\Database\MySQLi\Connection->execute('SELECT * FROM p...')
#2 C:\laragon\www\sistema_vendas_comfauna_2.0\system\Database\BaseConnection.php(605): CodeIgniter\Database\BaseConnection->simpleQuery('SELECT * FROM p...')
#3 C:\laragon\www\sistema_vendas_comfauna_2.0\app\Controllers\Plantel.php(115): CodeIgniter\Database\BaseConnection->query('SELECT * FROM p...')
#4 C:\laragon\www\sistema_vendas_comfauna_2.0\system\CodeIgniter.php(934): App\Controllers\Plantel->filtraEstoque()
#5 C:\laragon\www\sistema_vendas_comfauna_2.0\system\CodeIgniter.php(499): CodeIgniter\CodeIgniter->runController(Object(App\Controllers\Plantel))
#6 C:\laragon\www\sistema_vendas_comfauna_2.0\system\CodeIgniter.php(368): CodeIgniter\CodeIgniter->handleRequest(NULL, Object(Config\Cache), false)
#7 C:\laragon\www\sistema_vendas_comfauna_2.0\public\index.php(67): CodeIgniter\CodeIgniter->run()
#8 {main}
CRITICAL - 2023-02-09 13:10:40 --> You have an error in your SQL syntax; check the manual that corresponds to your MySQL server version for the right syntax to use near ''OR status= ' vendido' at line 2
in SYSTEMPATH\Database\BaseConnection.php on line 645.
 1 APPPATH\Controllers\Plantel.php(115): CodeIgniter\Database\BaseConnection->query('SELECT * FROM produto_final
      WHERE status =disponivel \'OR status= \' vendido')
 2 SYSTEMPATH\CodeIgniter.php(934): App\Controllers\Plantel->filtraEstoque()
 3 SYSTEMPATH\CodeIgniter.php(499): CodeIgniter\CodeIgniter->runController(Object(App\Controllers\Plantel))
 4 SYSTEMPATH\CodeIgniter.php(368): CodeIgniter\CodeIgniter->handleRequest(null, Object(Config\Cache), false)
 5 FCPATH\index.php(67): CodeIgniter\CodeIgniter->run()
ERROR - 2023-02-09 13:11:21 --> mysqli_sql_exception: You have an error in your SQL syntax; check the manual that corresponds to your MySQL server version for the right syntax to use near ''OR status= ' reservado' at line 2 in C:\laragon\www\sistema_vendas_comfauna_2.0\system\Database\MySQLi\Connection.php:295
Stack trace:
#0 C:\laragon\www\sistema_vendas_comfauna_2.0\system\Database\MySQLi\Connection.php(295): mysqli->query('SELECT * FROM p...', 0)
#1 C:\laragon\www\sistema_vendas_comfauna_2.0\system\Database\BaseConnection.php(691): CodeIgniter\Database\MySQLi\Connection->execute('SELECT * FROM p...')
#2 C:\laragon\www\sistema_vendas_comfauna_2.0\system\Database\BaseConnection.php(605): CodeIgniter\Database\BaseConnection->simpleQuery('SELECT * FROM p...')
#3 C:\laragon\www\sistema_vendas_comfauna_2.0\app\Controllers\Plantel.php(116): CodeIgniter\Database\BaseConnection->query('SELECT * FROM p...')
#4 C:\laragon\www\sistema_vendas_comfauna_2.0\system\CodeIgniter.php(934): App\Controllers\Plantel->filtraEstoque()
#5 C:\laragon\www\sistema_vendas_comfauna_2.0\system\CodeIgniter.php(499): CodeIgniter\CodeIgniter->runController(Object(App\Controllers\Plantel))
#6 C:\laragon\www\sistema_vendas_comfauna_2.0\system\CodeIgniter.php(368): CodeIgniter\CodeIgniter->handleRequest(NULL, Object(Config\Cache), false)
#7 C:\laragon\www\sistema_vendas_comfauna_2.0\public\index.php(67): CodeIgniter\CodeIgniter->run()
#8 {main}
CRITICAL - 2023-02-09 13:11:21 --> You have an error in your SQL syntax; check the manual that corresponds to your MySQL server version for the right syntax to use near ''OR status= ' reservado' at line 2
in SYSTEMPATH\Database\BaseConnection.php on line 645.
 1 APPPATH\Controllers\Plantel.php(116): CodeIgniter\Database\BaseConnection->query('SELECT * FROM produto_final
      WHERE status =disponivel \'OR status= \' reservado')
 2 SYSTEMPATH\CodeIgniter.php(934): App\Controllers\Plantel->filtraEstoque()
 3 SYSTEMPATH\CodeIgniter.php(499): CodeIgniter\CodeIgniter->runController(Object(App\Controllers\Plantel))
 4 SYSTEMPATH\CodeIgniter.php(368): CodeIgniter\CodeIgniter->handleRequest(null, Object(Config\Cache), false)
 5 FCPATH\index.php(67): CodeIgniter\CodeIgniter->run()
ERROR - 2023-02-09 13:11:22 --> mysqli_sql_exception: You have an error in your SQL syntax; check the manual that corresponds to your MySQL server version for the right syntax to use near ''OR status= ' reservado 'OR status= ' vendido' at line 2 in C:\laragon\www\sistema_vendas_comfauna_2.0\system\Database\MySQLi\Connection.php:295
Stack trace:
#0 C:\laragon\www\sistema_vendas_comfauna_2.0\system\Database\MySQLi\Connection.php(295): mysqli->query('SELECT * FROM p...', 0)
#1 C:\laragon\www\sistema_vendas_comfauna_2.0\system\Database\BaseConnection.php(691): CodeIgniter\Database\MySQLi\Connection->execute('SELECT * FROM p...')
#2 C:\laragon\www\sistema_vendas_comfauna_2.0\system\Database\BaseConnection.php(605): CodeIgniter\Database\BaseConnection->simpleQuery('SELECT * FROM p...')
#3 C:\laragon\www\sistema_vendas_comfauna_2.0\app\Controllers\Plantel.php(116): CodeIgniter\Database\BaseConnection->query('SELECT * FROM p...')
#4 C:\laragon\www\sistema_vendas_comfauna_2.0\system\CodeIgniter.php(934): App\Controllers\Plantel->filtraEstoque()
#5 C:\laragon\www\sistema_vendas_comfauna_2.0\system\CodeIgniter.php(499): CodeIgniter\CodeIgniter->runController(Object(App\Controllers\Plantel))
#6 C:\laragon\www\sistema_vendas_comfauna_2.0\system\CodeIgniter.php(368): CodeIgniter\CodeIgniter->handleRequest(NULL, Object(Config\Cache), false)
#7 C:\laragon\www\sistema_vendas_comfauna_2.0\public\index.php(67): CodeIgniter\CodeIgniter->run()
#8 {main}
CRITICAL - 2023-02-09 13:11:22 --> You have an error in your SQL syntax; check the manual that corresponds to your MySQL server version for the right syntax to use near ''OR status= ' reservado 'OR status= ' vendido' at line 2
in SYSTEMPATH\Database\BaseConnection.php on line 645.
 1 APPPATH\Controllers\Plantel.php(116): CodeIgniter\Database\BaseConnection->query('SELECT * FROM produto_final
      WHERE status =disponivel \'OR status= \' reservado \'OR status= \' vendido')
 2 SYSTEMPATH\CodeIgniter.php(934): App\Controllers\Plantel->filtraEstoque()
 3 SYSTEMPATH\CodeIgniter.php(499): CodeIgniter\CodeIgniter->runController(Object(App\Controllers\Plantel))
 4 SYSTEMPATH\CodeIgniter.php(368): CodeIgniter\CodeIgniter->handleRequest(null, Object(Config\Cache), false)
 5 FCPATH\index.php(67): CodeIgniter\CodeIgniter->run()
CRITICAL - 2023-02-09 13:29:48 --> Call to a member function query() on null
in APPPATH\Controllers\Plantel.php on line 116.
 1 SYSTEMPATH\CodeIgniter.php(934): App\Controllers\Plantel->filtraEstoque()
 2 SYSTEMPATH\CodeIgniter.php(499): CodeIgniter\CodeIgniter->runController(Object(App\Controllers\Plantel))
 3 SYSTEMPATH\CodeIgniter.php(368): CodeIgniter\CodeIgniter->handleRequest(null, Object(Config\Cache), false)
 4 FCPATH\index.php(67): CodeIgniter\CodeIgniter->run()
CRITICAL - 2023-02-09 13:29:52 --> Call to a member function query() on null
in APPPATH\Controllers\Plantel.php on line 116.
 1 SYSTEMPATH\CodeIgniter.php(934): App\Controllers\Plantel->filtraEstoque()
 2 SYSTEMPATH\CodeIgniter.php(499): CodeIgniter\CodeIgniter->runController(Object(App\Controllers\Plantel))
 3 SYSTEMPATH\CodeIgniter.php(368): CodeIgniter\CodeIgniter->handleRequest(null, Object(Config\Cache), false)
 4 FCPATH\index.php(67): CodeIgniter\CodeIgniter->run()
CRITICAL - 2023-02-09 13:29:56 --> Call to a member function query() on null
in APPPATH\Controllers\Plantel.php on line 116.
 1 SYSTEMPATH\CodeIgniter.php(934): App\Controllers\Plantel->filtraEstoque()
 2 SYSTEMPATH\CodeIgniter.php(499): CodeIgniter\CodeIgniter->runController(Object(App\Controllers\Plantel))
 3 SYSTEMPATH\CodeIgniter.php(368): CodeIgniter\CodeIgniter->handleRequest(null, Object(Config\Cache), false)
 4 FCPATH\index.php(67): CodeIgniter\CodeIgniter->run()
CRITICAL - 2023-02-09 13:31:28 --> Call to a member function query() on null
in APPPATH\Controllers\Plantel.php on line 116.
 1 SYSTEMPATH\CodeIgniter.php(934): App\Controllers\Plantel->filtraEstoque()
 2 SYSTEMPATH\CodeIgniter.php(499): CodeIgniter\CodeIgniter->runController(Object(App\Controllers\Plantel))
 3 SYSTEMPATH\CodeIgniter.php(368): CodeIgniter\CodeIgniter->handleRequest(null, Object(Config\Cache), false)
 4 FCPATH\index.php(67): CodeIgniter\CodeIgniter->run()
CRITICAL - 2023-02-09 13:31:29 --> Call to a member function query() on null
in APPPATH\Controllers\Plantel.php on line 116.
 1 SYSTEMPATH\CodeIgniter.php(934): App\Controllers\Plantel->filtraEstoque()
 2 SYSTEMPATH\CodeIgniter.php(499): CodeIgniter\CodeIgniter->runController(Object(App\Controllers\Plantel))
 3 SYSTEMPATH\CodeIgniter.php(368): CodeIgniter\CodeIgniter->handleRequest(null, Object(Config\Cache), false)
 4 FCPATH\index.php(67): CodeIgniter\CodeIgniter->run()
CRITICAL - 2023-02-09 13:31:38 --> Call to a member function query() on null
in APPPATH\Controllers\Plantel.php on line 116.
 1 SYSTEMPATH\CodeIgniter.php(934): App\Controllers\Plantel->filtraEstoque()
 2 SYSTEMPATH\CodeIgniter.php(499): CodeIgniter\CodeIgniter->runController(Object(App\Controllers\Plantel))
 3 SYSTEMPATH\CodeIgniter.php(368): CodeIgniter\CodeIgniter->handleRequest(null, Object(Config\Cache), false)
 4 FCPATH\index.php(67): CodeIgniter\CodeIgniter->run()
CRITICAL - 2023-02-09 13:32:31 --> Call to a member function query() on null
in APPPATH\Controllers\Plantel.php on line 113.
 1 SYSTEMPATH\CodeIgniter.php(934): App\Controllers\Plantel->filtraEstoque()
 2 SYSTEMPATH\CodeIgniter.php(499): CodeIgniter\CodeIgniter->runController(Object(App\Controllers\Plantel))
 3 SYSTEMPATH\CodeIgniter.php(368): CodeIgniter\CodeIgniter->handleRequest(null, Object(Config\Cache), false)
 4 FCPATH\index.php(67): CodeIgniter\CodeIgniter->run()
CRITICAL - 2023-02-09 13:32:55 --> Call to a member function query() on null
in APPPATH\Controllers\Plantel.php on line 113.
 1 SYSTEMPATH\CodeIgniter.php(934): App\Controllers\Plantel->filtraEstoque()
 2 SYSTEMPATH\CodeIgniter.php(499): CodeIgniter\CodeIgniter->runController(Object(App\Controllers\Plantel))
 3 SYSTEMPATH\CodeIgniter.php(368): CodeIgniter\CodeIgniter->handleRequest(null, Object(Config\Cache), false)
 4 FCPATH\index.php(67): CodeIgniter\CodeIgniter->run()
CRITICAL - 2023-02-09 13:33:40 --> Call to a member function query() on null
in APPPATH\Controllers\Plantel.php on line 113.
 1 SYSTEMPATH\CodeIgniter.php(934): App\Controllers\Plantel->filtraEstoque()
 2 SYSTEMPATH\CodeIgniter.php(499): CodeIgniter\CodeIgniter->runController(Object(App\Controllers\Plantel))
 3 SYSTEMPATH\CodeIgniter.php(368): CodeIgniter\CodeIgniter->handleRequest(null, Object(Config\Cache), false)
 4 FCPATH\index.php(67): CodeIgniter\CodeIgniter->run()
CRITICAL - 2023-02-09 13:33:41 --> Call to a member function query() on null
in APPPATH\Controllers\Plantel.php on line 113.
 1 SYSTEMPATH\CodeIgniter.php(934): App\Controllers\Plantel->filtraEstoque()
 2 SYSTEMPATH\CodeIgniter.php(499): CodeIgniter\CodeIgniter->runController(Object(App\Controllers\Plantel))
 3 SYSTEMPATH\CodeIgniter.php(368): CodeIgniter\CodeIgniter->handleRequest(null, Object(Config\Cache), false)
 4 FCPATH\index.php(67): CodeIgniter\CodeIgniter->run()
