ERROR - 2023-02-01 18:15:07 --> mysqli_sql_exception: You have an error in your SQL syntax; check the manual that corresponds to your MySQL server version for the right syntax to use near 'pileata, tipo_marcacao = , desc_nota= CUIÃš-CUIÃš --------------------------' at line 2 in C:\laragon\www\sistema_vendas_comfauna_2.0\system\Database\MySQLi\Connection.php:295
Stack trace:
#0 C:\laragon\www\sistema_vendas_comfauna_2.0\system\Database\MySQLi\Connection.php(295): mysqli->query('UPDATE especies...', 0)
#1 C:\laragon\www\sistema_vendas_comfauna_2.0\system\Database\BaseConnection.php(691): CodeIgniter\Database\MySQLi\Connection->execute('UPDATE especies...')
#2 C:\laragon\www\sistema_vendas_comfauna_2.0\system\Database\BaseConnection.php(605): CodeIgniter\Database\BaseConnection->simpleQuery('UPDATE especies...')
#3 C:\laragon\www\sistema_vendas_comfauna_2.0\app\Controllers\Plantel.php(33): CodeIgniter\Database\BaseConnection->query('UPDATE especies...')
#4 C:\laragon\www\sistema_vendas_comfauna_2.0\system\CodeIgniter.php(934): App\Controllers\Plantel->EditaEspecies()
#5 C:\laragon\www\sistema_vendas_comfauna_2.0\system\CodeIgniter.php(499): CodeIgniter\CodeIgniter->runController(Object(App\Controllers\Plantel))
#6 C:\laragon\www\sistema_vendas_comfauna_2.0\system\CodeIgniter.php(368): CodeIgniter\CodeIgniter->handleRequest(NULL, Object(Config\Cache), false)
#7 C:\laragon\www\sistema_vendas_comfauna_2.0\public\index.php(67): CodeIgniter\CodeIgniter->run()
#8 {main}
CRITICAL - 2023-02-01 18:15:07 --> You have an error in your SQL syntax; check the manual that corresponds to your MySQL server version for the right syntax to use near 'pileata, tipo_marcacao = , desc_nota= CUIÃš-CUIÃš --------------------------' at line 2
in SYSTEMPATH\Database\BaseConnection.php on line 645.
 1 APPPATH\Controllers\Plantel.php(33): CodeIgniter\Database\BaseConnection->query('UPDATE especies SET cod = 0030, ncm=01063200, nome_popular = Cuiu-cuiu, 
        nome_cientifico=Pionopsitta pileata, tipo_marcacao = , desc_nota= CUIÃš-CUIÃš ----------------------------------------------------- - Espécie: Pionopsitta pileata, base_calculo=25.45
        WHERE cod = 0030')
 2 SYSTEMPATH\CodeIgniter.php(934): App\Controllers\Plantel->EditaEspecies()
 3 SYSTEMPATH\CodeIgniter.php(499): CodeIgniter\CodeIgniter->runController(Object(App\Controllers\Plantel))
 4 SYSTEMPATH\CodeIgniter.php(368): CodeIgniter\CodeIgniter->handleRequest(null, Object(Config\Cache), false)
 5 FCPATH\index.php(67): CodeIgniter\CodeIgniter->run()
ERROR - 2023-02-01 18:15:52 --> mysqli_sql_exception: You have an error in your SQL syntax; check the manual that corresponds to your MySQL server version for the right syntax to use near 'pileata, tipo_marcacao = , desc_nota= CUIÃš-CUIÃš --------------------------' at line 2 in C:\laragon\www\sistema_vendas_comfauna_2.0\system\Database\MySQLi\Connection.php:295
Stack trace:
#0 C:\laragon\www\sistema_vendas_comfauna_2.0\system\Database\MySQLi\Connection.php(295): mysqli->query('UPDATE especies...', 0)
#1 C:\laragon\www\sistema_vendas_comfauna_2.0\system\Database\BaseConnection.php(691): CodeIgniter\Database\MySQLi\Connection->execute('UPDATE especies...')
#2 C:\laragon\www\sistema_vendas_comfauna_2.0\system\Database\BaseConnection.php(605): CodeIgniter\Database\BaseConnection->simpleQuery('UPDATE especies...')
#3 C:\laragon\www\sistema_vendas_comfauna_2.0\app\Controllers\Plantel.php(34): CodeIgniter\Database\BaseConnection->query('UPDATE especies...')
#4 C:\laragon\www\sistema_vendas_comfauna_2.0\system\CodeIgniter.php(934): App\Controllers\Plantel->EditaEspecies()
#5 C:\laragon\www\sistema_vendas_comfauna_2.0\system\CodeIgniter.php(499): CodeIgniter\CodeIgniter->runController(Object(App\Controllers\Plantel))
#6 C:\laragon\www\sistema_vendas_comfauna_2.0\system\CodeIgniter.php(368): CodeIgniter\CodeIgniter->handleRequest(NULL, Object(Config\Cache), false)
#7 C:\laragon\www\sistema_vendas_comfauna_2.0\public\index.php(67): CodeIgniter\CodeIgniter->run()
#8 {main}
CRITICAL - 2023-02-01 18:15:52 --> You have an error in your SQL syntax; check the manual that corresponds to your MySQL server version for the right syntax to use near 'pileata, tipo_marcacao = , desc_nota= CUIÃš-CUIÃš --------------------------' at line 2
in SYSTEMPATH\Database\BaseConnection.php on line 645.
 1 APPPATH\Controllers\Plantel.php(34): CodeIgniter\Database\BaseConnection->query('UPDATE especies SET cod = 0030, ncm=01063200, nome_popular = Cuiu-cuiu, 
        nome_cientifico=Pionopsitta pileata, tipo_marcacao = , desc_nota= CUIÃš-CUIÃš ----------------------------------------------------- - Espécie: Pionopsitta pileata, base_calculo=25.45
        WHERE cod = 0030')
 2 SYSTEMPATH\CodeIgniter.php(934): App\Controllers\Plantel->EditaEspecies()
 3 SYSTEMPATH\CodeIgniter.php(499): CodeIgniter\CodeIgniter->runController(Object(App\Controllers\Plantel))
 4 SYSTEMPATH\CodeIgniter.php(368): CodeIgniter\CodeIgniter->handleRequest(null, Object(Config\Cache), false)
 5 FCPATH\index.php(67): CodeIgniter\CodeIgniter->run()
ERROR - 2023-02-01 18:16:01 --> mysqli_sql_exception: You have an error in your SQL syntax; check the manual that corresponds to your MySQL server version for the right syntax to use near 'pileata, tipo_marcacao = , desc_nota= CUIÃš-CUIÃš --------------------------' at line 2 in C:\laragon\www\sistema_vendas_comfauna_2.0\system\Database\MySQLi\Connection.php:295
Stack trace:
#0 C:\laragon\www\sistema_vendas_comfauna_2.0\system\Database\MySQLi\Connection.php(295): mysqli->query('UPDATE especies...', 0)
#1 C:\laragon\www\sistema_vendas_comfauna_2.0\system\Database\BaseConnection.php(691): CodeIgniter\Database\MySQLi\Connection->execute('UPDATE especies...')
#2 C:\laragon\www\sistema_vendas_comfauna_2.0\system\Database\BaseConnection.php(605): CodeIgniter\Database\BaseConnection->simpleQuery('UPDATE especies...')
#3 C:\laragon\www\sistema_vendas_comfauna_2.0\app\Controllers\Plantel.php(34): CodeIgniter\Database\BaseConnection->query('UPDATE especies...')
#4 C:\laragon\www\sistema_vendas_comfauna_2.0\system\CodeIgniter.php(934): App\Controllers\Plantel->EditaEspecies()
#5 C:\laragon\www\sistema_vendas_comfauna_2.0\system\CodeIgniter.php(499): CodeIgniter\CodeIgniter->runController(Object(App\Controllers\Plantel))
#6 C:\laragon\www\sistema_vendas_comfauna_2.0\system\CodeIgniter.php(368): CodeIgniter\CodeIgniter->handleRequest(NULL, Object(Config\Cache), false)
#7 C:\laragon\www\sistema_vendas_comfauna_2.0\public\index.php(67): CodeIgniter\CodeIgniter->run()
#8 {main}
CRITICAL - 2023-02-01 18:16:01 --> You have an error in your SQL syntax; check the manual that corresponds to your MySQL server version for the right syntax to use near 'pileata, tipo_marcacao = , desc_nota= CUIÃš-CUIÃš --------------------------' at line 2
in SYSTEMPATH\Database\BaseConnection.php on line 645.
 1 APPPATH\Controllers\Plantel.php(34): CodeIgniter\Database\BaseConnection->query('UPDATE especies SET cod = 0030, ncm=01063200, nome_popular = Cuiu-cuiu, 
        nome_cientifico=Pionopsitta pileata, tipo_marcacao = , desc_nota= CUIÃš-CUIÃš ----------------------------------------------------- - Espécie: Pionopsitta pileata, base_calculo=25.45
        WHERE cod = 0030')
 2 SYSTEMPATH\CodeIgniter.php(934): App\Controllers\Plantel->EditaEspecies()
 3 SYSTEMPATH\CodeIgniter.php(499): CodeIgniter\CodeIgniter->runController(Object(App\Controllers\Plantel))
 4 SYSTEMPATH\CodeIgniter.php(368): CodeIgniter\CodeIgniter->handleRequest(null, Object(Config\Cache), false)
 5 FCPATH\index.php(67): CodeIgniter\CodeIgniter->run()
CRITICAL - 2023-02-01 18:18:30 --> Call to a member function getResultArray() on bool
in APPPATH\Controllers\Plantel.php on line 34.
 1 SYSTEMPATH\CodeIgniter.php(934): App\Controllers\Plantel->EditaEspecies()
 2 SYSTEMPATH\CodeIgniter.php(499): CodeIgniter\CodeIgniter->runController(Object(App\Controllers\Plantel))
 3 SYSTEMPATH\CodeIgniter.php(368): CodeIgniter\CodeIgniter->handleRequest(null, Object(Config\Cache), false)
 4 FCPATH\index.php(67): CodeIgniter\CodeIgniter->run()
