CRITICAL - 2023-02-03 00:02:26 --> Undefined variable: paginacao
in APPPATH\Views\componentes\pagination.php on line 9.
 1 APPPATH\Views\componentes\pagination.php(9): CodeIgniter\Debug\Exceptions->errorHandler(8, 'Undefined variable: paginacao', 'APPPATH\\Views\\componentes\\pagination.php', 9, [...])
 2 APPPATH\Views\clientes.php(262): include('APPPATH\\Views\\componentes\\pagination.php')
 3 SYSTEMPATH\View\View.php(213): include('APPPATH\\Views\\clientes.php')
 4 SYSTEMPATH\View\View.php(216): CodeIgniter\View\View->CodeIgniter\View\{closure}()
 5 SYSTEMPATH\Common.php(1177): CodeIgniter\View\View->render('clientes', [], true)
 6 APPPATH\Controllers\Home.php(83): view('clientes', [...])
 7 SYSTEMPATH\CodeIgniter.php(934): App\Controllers\Home->clientes()
 8 SYSTEMPATH\CodeIgniter.php(499): CodeIgniter\CodeIgniter->runController(Object(App\Controllers\Home))
 9 SYSTEMPATH\CodeIgniter.php(368): CodeIgniter\CodeIgniter->handleRequest(null, Object(Config\Cache), false)
10 FCPATH\index.php(67): CodeIgniter\CodeIgniter->run()
CRITICAL - 2023-02-03 00:06:13 --> syntax error, unexpected '}'
in APPPATH\Views\componentes\pagination.php on line 20.
 1 SYSTEMPATH\View\View.php(213): include()
 2 SYSTEMPATH\View\View.php(216): CodeIgniter\View\View->CodeIgniter\View\{closure}()
 3 SYSTEMPATH\Common.php(1177): CodeIgniter\View\View->render('clientes', [], true)
 4 APPPATH\Controllers\Home.php(84): view('clientes', [...])
 5 SYSTEMPATH\CodeIgniter.php(934): App\Controllers\Home->clientes()
 6 SYSTEMPATH\CodeIgniter.php(499): CodeIgniter\CodeIgniter->runController(Object(App\Controllers\Home))
 7 SYSTEMPATH\CodeIgniter.php(368): CodeIgniter\CodeIgniter->handleRequest(null, Object(Config\Cache), false)
 8 FCPATH\index.php(67): CodeIgniter\CodeIgniter->run()
CRITICAL - 2023-02-03 00:10:49 --> syntax error, unexpected end of file
in APPPATH\Views\componentes\pagination.php on line 40.
 1 SYSTEMPATH\View\View.php(213): include()
 2 SYSTEMPATH\View\View.php(216): CodeIgniter\View\View->CodeIgniter\View\{closure}()
 3 SYSTEMPATH\Common.php(1177): CodeIgniter\View\View->render('clientes', [], true)
 4 APPPATH\Controllers\Home.php(84): view('clientes', [...])
 5 SYSTEMPATH\CodeIgniter.php(934): App\Controllers\Home->clientes()
 6 SYSTEMPATH\CodeIgniter.php(499): CodeIgniter\CodeIgniter->runController(Object(App\Controllers\Home))
 7 SYSTEMPATH\CodeIgniter.php(368): CodeIgniter\CodeIgniter->handleRequest(null, Object(Config\Cache), false)
 8 FCPATH\index.php(67): CodeIgniter\CodeIgniter->run()
CRITICAL - 2023-02-03 12:38:35 --> A non-numeric value encountered
in APPPATH\Views\componentes\pagination.php on line 55.
 1 APPPATH\Views\componentes\pagination.php(55): CodeIgniter\Debug\Exceptions->errorHandler(2, 'A non-numeric value encountered', 'APPPATH\\Views\\componentes\\pagination.php', 55, [...])
 2 APPPATH\Views\clientes.php(262): include('APPPATH\\Views\\componentes\\pagination.php')
 3 SYSTEMPATH\View\View.php(213): include('APPPATH\\Views\\clientes.php')
 4 SYSTEMPATH\View\View.php(216): CodeIgniter\View\View->CodeIgniter\View\{closure}()
 5 SYSTEMPATH\Common.php(1177): CodeIgniter\View\View->render('clientes', [], true)
 6 APPPATH\Controllers\Home.php(84): view('clientes', [...])
 7 SYSTEMPATH\CodeIgniter.php(934): App\Controllers\Home->clientes()
 8 SYSTEMPATH\CodeIgniter.php(499): CodeIgniter\CodeIgniter->runController(Object(App\Controllers\Home))
 9 SYSTEMPATH\CodeIgniter.php(368): CodeIgniter\CodeIgniter->handleRequest(null, Object(Config\Cache), false)
10 FCPATH\index.php(67): CodeIgniter\CodeIgniter->run()
CRITICAL - 2023-02-03 12:39:01 --> A non-numeric value encountered
in APPPATH\Views\componentes\pagination.php on line 55.
 1 APPPATH\Views\componentes\pagination.php(55): CodeIgniter\Debug\Exceptions->errorHandler(2, 'A non-numeric value encountered', 'APPPATH\\Views\\componentes\\pagination.php', 55, [...])
 2 APPPATH\Views\especies.php(250): include('APPPATH\\Views\\componentes\\pagination.php')
 3 SYSTEMPATH\View\View.php(213): include('APPPATH\\Views\\especies.php')
 4 SYSTEMPATH\View\View.php(216): CodeIgniter\View\View->CodeIgniter\View\{closure}()
 5 SYSTEMPATH\Common.php(1177): CodeIgniter\View\View->render('especies', [], true)
 6 APPPATH\Controllers\Home.php(50): view('especies', [...])
 7 SYSTEMPATH\CodeIgniter.php(934): App\Controllers\Home->especies()
 8 SYSTEMPATH\CodeIgniter.php(499): CodeIgniter\CodeIgniter->runController(Object(App\Controllers\Home))
 9 SYSTEMPATH\CodeIgniter.php(368): CodeIgniter\CodeIgniter->handleRequest(null, Object(Config\Cache), false)
10 FCPATH\index.php(67): CodeIgniter\CodeIgniter->run()
CRITICAL - 2023-02-03 12:39:19 --> A non-numeric value encountered
in APPPATH\Views\componentes\pagination.php on line 55.
 1 APPPATH\Views\componentes\pagination.php(55): CodeIgniter\Debug\Exceptions->errorHandler(2, 'A non-numeric value encountered', 'APPPATH\\Views\\componentes\\pagination.php', 55, [...])
 2 APPPATH\Views\especies.php(250): include('APPPATH\\Views\\componentes\\pagination.php')
 3 SYSTEMPATH\View\View.php(213): include('APPPATH\\Views\\especies.php')
 4 SYSTEMPATH\View\View.php(216): CodeIgniter\View\View->CodeIgniter\View\{closure}()
 5 SYSTEMPATH\Common.php(1177): CodeIgniter\View\View->render('especies', [], true)
 6 APPPATH\Controllers\Home.php(50): view('especies', [...])
 7 SYSTEMPATH\CodeIgniter.php(934): App\Controllers\Home->especies()
 8 SYSTEMPATH\CodeIgniter.php(499): CodeIgniter\CodeIgniter->runController(Object(App\Controllers\Home))
 9 SYSTEMPATH\CodeIgniter.php(368): CodeIgniter\CodeIgniter->handleRequest(null, Object(Config\Cache), false)
10 FCPATH\index.php(67): CodeIgniter\CodeIgniter->run()
CRITICAL - 2023-02-03 12:52:02 --> syntax error, unexpected '}'
in APPPATH\Views\componentes\pagination.php on line 33.
 1 SYSTEMPATH\View\View.php(213): include()
 2 SYSTEMPATH\View\View.php(216): CodeIgniter\View\View->CodeIgniter\View\{closure}()
 3 SYSTEMPATH\Common.php(1177): CodeIgniter\View\View->render('clientes', [], true)
 4 APPPATH\Controllers\Home.php(84): view('clientes', [...])
 5 SYSTEMPATH\CodeIgniter.php(934): App\Controllers\Home->clientes()
 6 SYSTEMPATH\CodeIgniter.php(499): CodeIgniter\CodeIgniter->runController(Object(App\Controllers\Home))
 7 SYSTEMPATH\CodeIgniter.php(368): CodeIgniter\CodeIgniter->handleRequest(null, Object(Config\Cache), false)
 8 FCPATH\index.php(67): CodeIgniter\CodeIgniter->run()
CRITICAL - 2023-02-03 12:56:22 --> syntax error, unexpected '}'
in APPPATH\Views\componentes\pagination.php on line 35.
 1 SYSTEMPATH\View\View.php(213): include()
 2 SYSTEMPATH\View\View.php(216): CodeIgniter\View\View->CodeIgniter\View\{closure}()
 3 SYSTEMPATH\Common.php(1177): CodeIgniter\View\View->render('clientes', [], true)
 4 APPPATH\Controllers\Home.php(84): view('clientes', [...])
 5 SYSTEMPATH\CodeIgniter.php(934): App\Controllers\Home->clientes()
 6 SYSTEMPATH\CodeIgniter.php(499): CodeIgniter\CodeIgniter->runController(Object(App\Controllers\Home))
 7 SYSTEMPATH\CodeIgniter.php(368): CodeIgniter\CodeIgniter->handleRequest(null, Object(Config\Cache), false)
 8 FCPATH\index.php(67): CodeIgniter\CodeIgniter->run()
CRITICAL - 2023-02-03 13:26:01 --> syntax error, unexpected ')'
in APPPATH\Views\componentes\pagination.php on line 34.
 1 SYSTEMPATH\View\View.php(213): include()
 2 SYSTEMPATH\View\View.php(216): CodeIgniter\View\View->CodeIgniter\View\{closure}()
 3 SYSTEMPATH\Common.php(1177): CodeIgniter\View\View->render('clientes', [], true)
 4 APPPATH\Controllers\Home.php(84): view('clientes', [...])
 5 SYSTEMPATH\CodeIgniter.php(934): App\Controllers\Home->clientes()
 6 SYSTEMPATH\CodeIgniter.php(499): CodeIgniter\CodeIgniter->runController(Object(App\Controllers\Home))
 7 SYSTEMPATH\CodeIgniter.php(368): CodeIgniter\CodeIgniter->handleRequest(null, Object(Config\Cache), false)
 8 FCPATH\index.php(67): CodeIgniter\CodeIgniter->run()
CRITICAL - 2023-02-03 13:38:52 --> syntax error, unexpected '}', expecting ';'
in APPPATH\Views\componentes\pagination.php on line 40.
 1 SYSTEMPATH\View\View.php(213): include()
 2 SYSTEMPATH\View\View.php(216): CodeIgniter\View\View->CodeIgniter\View\{closure}()
 3 SYSTEMPATH\Common.php(1177): CodeIgniter\View\View->render('clientes', [], true)
 4 APPPATH\Controllers\Home.php(84): view('clientes', [...])
 5 SYSTEMPATH\CodeIgniter.php(934): App\Controllers\Home->clientes()
 6 SYSTEMPATH\CodeIgniter.php(499): CodeIgniter\CodeIgniter->runController(Object(App\Controllers\Home))
 7 SYSTEMPATH\CodeIgniter.php(368): CodeIgniter\CodeIgniter->handleRequest(null, Object(Config\Cache), false)
 8 FCPATH\index.php(67): CodeIgniter\CodeIgniter->run()
CRITICAL - 2023-02-03 13:39:13 --> syntax error, unexpected '}', expecting end of file
in APPPATH\Views\componentes\pagination.php on line 63.
 1 SYSTEMPATH\View\View.php(213): include()
 2 SYSTEMPATH\View\View.php(216): CodeIgniter\View\View->CodeIgniter\View\{closure}()
 3 SYSTEMPATH\Common.php(1177): CodeIgniter\View\View->render('clientes', [], true)
 4 APPPATH\Controllers\Home.php(84): view('clientes', [...])
 5 SYSTEMPATH\CodeIgniter.php(934): App\Controllers\Home->clientes()
 6 SYSTEMPATH\CodeIgniter.php(499): CodeIgniter\CodeIgniter->runController(Object(App\Controllers\Home))
 7 SYSTEMPATH\CodeIgniter.php(368): CodeIgniter\CodeIgniter->handleRequest(null, Object(Config\Cache), false)
 8 FCPATH\index.php(67): CodeIgniter\CodeIgniter->run()
CRITICAL - 2023-02-03 13:41:01 --> syntax error, unexpected 'else' (T_ELSE)
in APPPATH\Views\componentes\pagination.php on line 42.
 1 SYSTEMPATH\View\View.php(213): include()
 2 SYSTEMPATH\View\View.php(216): CodeIgniter\View\View->CodeIgniter\View\{closure}()
 3 SYSTEMPATH\Common.php(1177): CodeIgniter\View\View->render('clientes', [], true)
 4 APPPATH\Controllers\Home.php(84): view('clientes', [...])
 5 SYSTEMPATH\CodeIgniter.php(934): App\Controllers\Home->clientes()
 6 SYSTEMPATH\CodeIgniter.php(499): CodeIgniter\CodeIgniter->runController(Object(App\Controllers\Home))
 7 SYSTEMPATH\CodeIgniter.php(368): CodeIgniter\CodeIgniter->handleRequest(null, Object(Config\Cache), false)
 8 FCPATH\index.php(67): CodeIgniter\CodeIgniter->run()
CRITICAL - 2023-02-03 13:47:26 --> syntax error, unexpected '}', expecting ';'
in APPPATH\Views\componentes\pagination.php on line 60.
 1 SYSTEMPATH\View\View.php(213): include()
 2 SYSTEMPATH\View\View.php(216): CodeIgniter\View\View->CodeIgniter\View\{closure}()
 3 SYSTEMPATH\Common.php(1177): CodeIgniter\View\View->render('clientes', [], true)
 4 APPPATH\Controllers\Home.php(84): view('clientes', [...])
 5 SYSTEMPATH\CodeIgniter.php(934): App\Controllers\Home->clientes()
 6 SYSTEMPATH\CodeIgniter.php(499): CodeIgniter\CodeIgniter->runController(Object(App\Controllers\Home))
 7 SYSTEMPATH\CodeIgniter.php(368): CodeIgniter\CodeIgniter->handleRequest(null, Object(Config\Cache), false)
 8 FCPATH\index.php(67): CodeIgniter\CodeIgniter->run()
CRITICAL - 2023-02-03 13:50:29 --> syntax error, unexpected '(', expecting variable (T_VARIABLE) or '{' or '$'
in APPPATH\Views\componentes\pagination.php on line 34.
 1 SYSTEMPATH\View\View.php(213): include()
 2 SYSTEMPATH\View\View.php(216): CodeIgniter\View\View->CodeIgniter\View\{closure}()
 3 SYSTEMPATH\Common.php(1177): CodeIgniter\View\View->render('clientes', [], true)
 4 APPPATH\Controllers\Home.php(84): view('clientes', [...])
 5 SYSTEMPATH\CodeIgniter.php(934): App\Controllers\Home->clientes()
 6 SYSTEMPATH\CodeIgniter.php(499): CodeIgniter\CodeIgniter->runController(Object(App\Controllers\Home))
 7 SYSTEMPATH\CodeIgniter.php(368): CodeIgniter\CodeIgniter->handleRequest(null, Object(Config\Cache), false)
 8 FCPATH\index.php(67): CodeIgniter\CodeIgniter->run()
CRITICAL - 2023-02-03 13:50:45 --> syntax error, unexpected '(', expecting variable (T_VARIABLE) or '{' or '$'
in APPPATH\Views\componentes\pagination.php on line 34.
 1 SYSTEMPATH\View\View.php(213): include()
 2 SYSTEMPATH\View\View.php(216): CodeIgniter\View\View->CodeIgniter\View\{closure}()
 3 SYSTEMPATH\Common.php(1177): CodeIgniter\View\View->render('clientes', [], true)
 4 APPPATH\Controllers\Home.php(84): view('clientes', [...])
 5 SYSTEMPATH\CodeIgniter.php(934): App\Controllers\Home->clientes()
 6 SYSTEMPATH\CodeIgniter.php(499): CodeIgniter\CodeIgniter->runController(Object(App\Controllers\Home))
 7 SYSTEMPATH\CodeIgniter.php(368): CodeIgniter\CodeIgniter->handleRequest(null, Object(Config\Cache), false)
 8 FCPATH\index.php(67): CodeIgniter\CodeIgniter->run()
