CRITICAL - 2023-02-07 12:43:17 --> syntax error, unexpected '}', expecting ';'
in APPPATH\Controllers\Vendas.php on line 80.
 1 SYSTEMPATH\Autoloader\Autoloader.php(289): CodeIgniter\Autoloader\Autoloader->includeFile('APPPATH\\Controllers\\Vendas.php')
 2 SYSTEMPATH\Autoloader\Autoloader.php(267): CodeIgniter\Autoloader\Autoloader->loadInNamespace('App\\Controllers\\Vendas')
 3 [internal function]: CodeIgniter\Autoloader\Autoloader->loadClass('App\\Controllers\\Vendas')
 4 [internal function]: spl_autoload_call('App\\Controllers\\Vendas')
 5 SYSTEMPATH\CodeIgniter.php(892): class_exists('\\App\\Controllers\\Vendas', true)
 6 SYSTEMPATH\CodeIgniter.php(486): CodeIgniter\CodeIgniter->startController()
 7 SYSTEMPATH\CodeIgniter.php(368): CodeIgniter\CodeIgniter->handleRequest(null, Object(Config\Cache), false)
 8 FCPATH\index.php(67): CodeIgniter\CodeIgniter->run()
CRITICAL - 2023-02-07 12:43:19 --> syntax error, unexpected '}', expecting ';'
in APPPATH\Controllers\Vendas.php on line 80.
 1 SYSTEMPATH\Autoloader\Autoloader.php(289): CodeIgniter\Autoloader\Autoloader->includeFile('APPPATH\\Controllers\\Vendas.php')
 2 SYSTEMPATH\Autoloader\Autoloader.php(267): CodeIgniter\Autoloader\Autoloader->loadInNamespace('App\\Controllers\\Vendas')
 3 [internal function]: CodeIgniter\Autoloader\Autoloader->loadClass('App\\Controllers\\Vendas')
 4 [internal function]: spl_autoload_call('App\\Controllers\\Vendas')
 5 SYSTEMPATH\CodeIgniter.php(892): class_exists('\\App\\Controllers\\Vendas', true)
 6 SYSTEMPATH\CodeIgniter.php(486): CodeIgniter\CodeIgniter->startController()
 7 SYSTEMPATH\CodeIgniter.php(368): CodeIgniter\CodeIgniter->handleRequest(null, Object(Config\Cache), false)
 8 FCPATH\index.php(67): CodeIgniter\CodeIgniter->run()
CRITICAL - 2023-02-07 12:43:20 --> syntax error, unexpected '}', expecting ';'
in APPPATH\Controllers\Vendas.php on line 80.
 1 SYSTEMPATH\Autoloader\Autoloader.php(289): CodeIgniter\Autoloader\Autoloader->includeFile('APPPATH\\Controllers\\Vendas.php')
 2 SYSTEMPATH\Autoloader\Autoloader.php(267): CodeIgniter\Autoloader\Autoloader->loadInNamespace('App\\Controllers\\Vendas')
 3 [internal function]: CodeIgniter\Autoloader\Autoloader->loadClass('App\\Controllers\\Vendas')
 4 [internal function]: spl_autoload_call('App\\Controllers\\Vendas')
 5 SYSTEMPATH\CodeIgniter.php(892): class_exists('\\App\\Controllers\\Vendas', true)
 6 SYSTEMPATH\CodeIgniter.php(486): CodeIgniter\CodeIgniter->startController()
 7 SYSTEMPATH\CodeIgniter.php(368): CodeIgniter\CodeIgniter->handleRequest(null, Object(Config\Cache), false)
 8 FCPATH\index.php(67): CodeIgniter\CodeIgniter->run()
CRITICAL - 2023-02-07 12:43:23 --> syntax error, unexpected '}', expecting ';'
in APPPATH\Controllers\Vendas.php on line 80.
 1 SYSTEMPATH\Autoloader\Autoloader.php(289): CodeIgniter\Autoloader\Autoloader->includeFile('APPPATH\\Controllers\\Vendas.php')
 2 SYSTEMPATH\Autoloader\Autoloader.php(267): CodeIgniter\Autoloader\Autoloader->loadInNamespace('App\\Controllers\\Vendas')
 3 [internal function]: CodeIgniter\Autoloader\Autoloader->loadClass('App\\Controllers\\Vendas')
 4 [internal function]: spl_autoload_call('App\\Controllers\\Vendas')
 5 SYSTEMPATH\CodeIgniter.php(892): class_exists('\\App\\Controllers\\Vendas', true)
 6 SYSTEMPATH\CodeIgniter.php(486): CodeIgniter\CodeIgniter->startController()
 7 SYSTEMPATH\CodeIgniter.php(368): CodeIgniter\CodeIgniter->handleRequest(null, Object(Config\Cache), false)
 8 FCPATH\index.php(67): CodeIgniter\CodeIgniter->run()
CRITICAL - 2023-02-07 12:43:25 --> syntax error, unexpected '}', expecting ';'
in APPPATH\Controllers\Vendas.php on line 80.
 1 SYSTEMPATH\Autoloader\Autoloader.php(289): CodeIgniter\Autoloader\Autoloader->includeFile('APPPATH\\Controllers\\Vendas.php')
 2 SYSTEMPATH\Autoloader\Autoloader.php(267): CodeIgniter\Autoloader\Autoloader->loadInNamespace('App\\Controllers\\Vendas')
 3 [internal function]: CodeIgniter\Autoloader\Autoloader->loadClass('App\\Controllers\\Vendas')
 4 [internal function]: spl_autoload_call('App\\Controllers\\Vendas')
 5 SYSTEMPATH\CodeIgniter.php(892): class_exists('\\App\\Controllers\\Vendas', true)
 6 SYSTEMPATH\CodeIgniter.php(486): CodeIgniter\CodeIgniter->startController()
 7 SYSTEMPATH\CodeIgniter.php(368): CodeIgniter\CodeIgniter->handleRequest(null, Object(Config\Cache), false)
 8 FCPATH\index.php(67): CodeIgniter\CodeIgniter->run()
CRITICAL - 2023-02-07 12:43:25 --> syntax error, unexpected '}', expecting ';'
in APPPATH\Controllers\Vendas.php on line 80.
 1 SYSTEMPATH\Autoloader\Autoloader.php(289): CodeIgniter\Autoloader\Autoloader->includeFile('APPPATH\\Controllers\\Vendas.php')
 2 SYSTEMPATH\Autoloader\Autoloader.php(267): CodeIgniter\Autoloader\Autoloader->loadInNamespace('App\\Controllers\\Vendas')
 3 [internal function]: CodeIgniter\Autoloader\Autoloader->loadClass('App\\Controllers\\Vendas')
 4 [internal function]: spl_autoload_call('App\\Controllers\\Vendas')
 5 SYSTEMPATH\CodeIgniter.php(892): class_exists('\\App\\Controllers\\Vendas', true)
 6 SYSTEMPATH\CodeIgniter.php(486): CodeIgniter\CodeIgniter->startController()
 7 SYSTEMPATH\CodeIgniter.php(368): CodeIgniter\CodeIgniter->handleRequest(null, Object(Config\Cache), false)
 8 FCPATH\index.php(67): CodeIgniter\CodeIgniter->run()
CRITICAL - 2023-02-07 12:43:26 --> syntax error, unexpected '}', expecting ';'
in APPPATH\Controllers\Vendas.php on line 80.
 1 SYSTEMPATH\Autoloader\Autoloader.php(289): CodeIgniter\Autoloader\Autoloader->includeFile('APPPATH\\Controllers\\Vendas.php')
 2 SYSTEMPATH\Autoloader\Autoloader.php(267): CodeIgniter\Autoloader\Autoloader->loadInNamespace('App\\Controllers\\Vendas')
 3 [internal function]: CodeIgniter\Autoloader\Autoloader->loadClass('App\\Controllers\\Vendas')
 4 [internal function]: spl_autoload_call('App\\Controllers\\Vendas')
 5 SYSTEMPATH\CodeIgniter.php(892): class_exists('\\App\\Controllers\\Vendas', true)
 6 SYSTEMPATH\CodeIgniter.php(486): CodeIgniter\CodeIgniter->startController()
 7 SYSTEMPATH\CodeIgniter.php(368): CodeIgniter\CodeIgniter->handleRequest(null, Object(Config\Cache), false)
 8 FCPATH\index.php(67): CodeIgniter\CodeIgniter->run()
CRITICAL - 2023-02-07 12:43:27 --> syntax error, unexpected '}', expecting ';'
in APPPATH\Controllers\Vendas.php on line 80.
 1 SYSTEMPATH\Autoloader\Autoloader.php(289): CodeIgniter\Autoloader\Autoloader->includeFile('APPPATH\\Controllers\\Vendas.php')
 2 SYSTEMPATH\Autoloader\Autoloader.php(267): CodeIgniter\Autoloader\Autoloader->loadInNamespace('App\\Controllers\\Vendas')
 3 [internal function]: CodeIgniter\Autoloader\Autoloader->loadClass('App\\Controllers\\Vendas')
 4 [internal function]: spl_autoload_call('App\\Controllers\\Vendas')
 5 SYSTEMPATH\CodeIgniter.php(892): class_exists('\\App\\Controllers\\Vendas', true)
 6 SYSTEMPATH\CodeIgniter.php(486): CodeIgniter\CodeIgniter->startController()
 7 SYSTEMPATH\CodeIgniter.php(368): CodeIgniter\CodeIgniter->handleRequest(null, Object(Config\Cache), false)
 8 FCPATH\index.php(67): CodeIgniter\CodeIgniter->run()
CRITICAL - 2023-02-07 12:43:35 --> syntax error, unexpected '}', expecting ';'
in APPPATH\Controllers\Vendas.php on line 80.
 1 SYSTEMPATH\Autoloader\Autoloader.php(289): CodeIgniter\Autoloader\Autoloader->includeFile('APPPATH\\Controllers\\Vendas.php')
 2 SYSTEMPATH\Autoloader\Autoloader.php(267): CodeIgniter\Autoloader\Autoloader->loadInNamespace('App\\Controllers\\Vendas')
 3 [internal function]: CodeIgniter\Autoloader\Autoloader->loadClass('App\\Controllers\\Vendas')
 4 [internal function]: spl_autoload_call('App\\Controllers\\Vendas')
 5 SYSTEMPATH\CodeIgniter.php(892): class_exists('\\App\\Controllers\\Vendas', true)
 6 SYSTEMPATH\CodeIgniter.php(486): CodeIgniter\CodeIgniter->startController()
 7 SYSTEMPATH\CodeIgniter.php(368): CodeIgniter\CodeIgniter->handleRequest(null, Object(Config\Cache), false)
 8 FCPATH\index.php(67): CodeIgniter\CodeIgniter->run()
CRITICAL - 2023-02-07 12:44:11 --> syntax error, unexpected '}', expecting ';'
in APPPATH\Controllers\Vendas.php on line 83.
 1 SYSTEMPATH\Autoloader\Autoloader.php(289): CodeIgniter\Autoloader\Autoloader->includeFile('APPPATH\\Controllers\\Vendas.php')
 2 SYSTEMPATH\Autoloader\Autoloader.php(267): CodeIgniter\Autoloader\Autoloader->loadInNamespace('App\\Controllers\\Vendas')
 3 [internal function]: CodeIgniter\Autoloader\Autoloader->loadClass('App\\Controllers\\Vendas')
 4 [internal function]: spl_autoload_call('App\\Controllers\\Vendas')
 5 SYSTEMPATH\CodeIgniter.php(892): class_exists('\\App\\Controllers\\Vendas', true)
 6 SYSTEMPATH\CodeIgniter.php(486): CodeIgniter\CodeIgniter->startController()
 7 SYSTEMPATH\CodeIgniter.php(368): CodeIgniter\CodeIgniter->handleRequest(null, Object(Config\Cache), false)
 8 FCPATH\index.php(67): CodeIgniter\CodeIgniter->run()
CRITICAL - 2023-02-07 12:44:20 --> syntax error, unexpected '}', expecting ';'
in APPPATH\Controllers\Vendas.php on line 84.
 1 SYSTEMPATH\Autoloader\Autoloader.php(289): CodeIgniter\Autoloader\Autoloader->includeFile('APPPATH\\Controllers\\Vendas.php')
 2 SYSTEMPATH\Autoloader\Autoloader.php(267): CodeIgniter\Autoloader\Autoloader->loadInNamespace('App\\Controllers\\Vendas')
 3 [internal function]: CodeIgniter\Autoloader\Autoloader->loadClass('App\\Controllers\\Vendas')
 4 [internal function]: spl_autoload_call('App\\Controllers\\Vendas')
 5 SYSTEMPATH\CodeIgniter.php(892): class_exists('\\App\\Controllers\\Vendas', true)
 6 SYSTEMPATH\CodeIgniter.php(486): CodeIgniter\CodeIgniter->startController()
 7 SYSTEMPATH\CodeIgniter.php(368): CodeIgniter\CodeIgniter->handleRequest(null, Object(Config\Cache), false)
 8 FCPATH\index.php(67): CodeIgniter\CodeIgniter->run()
CRITICAL - 2023-02-07 12:44:41 --> syntax error, unexpected '}', expecting ';'
in APPPATH\Controllers\Vendas.php on line 84.
 1 SYSTEMPATH\Autoloader\Autoloader.php(289): CodeIgniter\Autoloader\Autoloader->includeFile('APPPATH\\Controllers\\Vendas.php')
 2 SYSTEMPATH\Autoloader\Autoloader.php(267): CodeIgniter\Autoloader\Autoloader->loadInNamespace('App\\Controllers\\Vendas')
 3 [internal function]: CodeIgniter\Autoloader\Autoloader->loadClass('App\\Controllers\\Vendas')
 4 [internal function]: spl_autoload_call('App\\Controllers\\Vendas')
 5 SYSTEMPATH\CodeIgniter.php(892): class_exists('\\App\\Controllers\\Vendas', true)
 6 SYSTEMPATH\CodeIgniter.php(486): CodeIgniter\CodeIgniter->startController()
 7 SYSTEMPATH\CodeIgniter.php(368): CodeIgniter\CodeIgniter->handleRequest(null, Object(Config\Cache), false)
 8 FCPATH\index.php(67): CodeIgniter\CodeIgniter->run()
CRITICAL - 2023-02-07 12:45:28 --> syntax error, unexpected '}', expecting ';'
in APPPATH\Controllers\Vendas.php on line 86.
 1 SYSTEMPATH\Autoloader\Autoloader.php(289): CodeIgniter\Autoloader\Autoloader->includeFile('APPPATH\\Controllers\\Vendas.php')
 2 SYSTEMPATH\Autoloader\Autoloader.php(267): CodeIgniter\Autoloader\Autoloader->loadInNamespace('App\\Controllers\\Vendas')
 3 [internal function]: CodeIgniter\Autoloader\Autoloader->loadClass('App\\Controllers\\Vendas')
 4 [internal function]: spl_autoload_call('App\\Controllers\\Vendas')
 5 SYSTEMPATH\CodeIgniter.php(892): class_exists('\\App\\Controllers\\Vendas', true)
 6 SYSTEMPATH\CodeIgniter.php(486): CodeIgniter\CodeIgniter->startController()
 7 SYSTEMPATH\CodeIgniter.php(368): CodeIgniter\CodeIgniter->handleRequest(null, Object(Config\Cache), false)
 8 FCPATH\index.php(67): CodeIgniter\CodeIgniter->run()
CRITICAL - 2023-02-07 12:47:13 --> syntax error, unexpected '}', expecting ';'
in APPPATH\Controllers\Vendas.php on line 80.
 1 SYSTEMPATH\Autoloader\Autoloader.php(289): CodeIgniter\Autoloader\Autoloader->includeFile('APPPATH\\Controllers\\Vendas.php')
 2 SYSTEMPATH\Autoloader\Autoloader.php(267): CodeIgniter\Autoloader\Autoloader->loadInNamespace('App\\Controllers\\Vendas')
 3 [internal function]: CodeIgniter\Autoloader\Autoloader->loadClass('App\\Controllers\\Vendas')
 4 [internal function]: spl_autoload_call('App\\Controllers\\Vendas')
 5 SYSTEMPATH\CodeIgniter.php(892): class_exists('\\App\\Controllers\\Vendas', true)
 6 SYSTEMPATH\CodeIgniter.php(486): CodeIgniter\CodeIgniter->startController()
 7 SYSTEMPATH\CodeIgniter.php(368): CodeIgniter\CodeIgniter->handleRequest(null, Object(Config\Cache), false)
 8 FCPATH\index.php(67): CodeIgniter\CodeIgniter->run()
CRITICAL - 2023-02-07 12:47:54 --> syntax error, unexpected '}', expecting ';'
in APPPATH\Controllers\Vendas.php on line 80.
 1 SYSTEMPATH\Autoloader\Autoloader.php(289): CodeIgniter\Autoloader\Autoloader->includeFile('APPPATH\\Controllers\\Vendas.php')
 2 SYSTEMPATH\Autoloader\Autoloader.php(267): CodeIgniter\Autoloader\Autoloader->loadInNamespace('App\\Controllers\\Vendas')
 3 [internal function]: CodeIgniter\Autoloader\Autoloader->loadClass('App\\Controllers\\Vendas')
 4 [internal function]: spl_autoload_call('App\\Controllers\\Vendas')
 5 SYSTEMPATH\CodeIgniter.php(892): class_exists('\\App\\Controllers\\Vendas', true)
 6 SYSTEMPATH\CodeIgniter.php(486): CodeIgniter\CodeIgniter->startController()
 7 SYSTEMPATH\CodeIgniter.php(368): CodeIgniter\CodeIgniter->handleRequest(null, Object(Config\Cache), false)
 8 FCPATH\index.php(67): CodeIgniter\CodeIgniter->run()
CRITICAL - 2023-02-07 12:49:18 --> syntax error, unexpected '}', expecting ';'
in APPPATH\Controllers\Vendas.php on line 80.
 1 SYSTEMPATH\Autoloader\Autoloader.php(289): CodeIgniter\Autoloader\Autoloader->includeFile('APPPATH\\Controllers\\Vendas.php')
 2 SYSTEMPATH\Autoloader\Autoloader.php(267): CodeIgniter\Autoloader\Autoloader->loadInNamespace('App\\Controllers\\Vendas')
 3 [internal function]: CodeIgniter\Autoloader\Autoloader->loadClass('App\\Controllers\\Vendas')
 4 [internal function]: spl_autoload_call('App\\Controllers\\Vendas')
 5 SYSTEMPATH\CodeIgniter.php(892): class_exists('\\App\\Controllers\\Vendas', true)
 6 SYSTEMPATH\CodeIgniter.php(486): CodeIgniter\CodeIgniter->startController()
 7 SYSTEMPATH\CodeIgniter.php(368): CodeIgniter\CodeIgniter->handleRequest(null, Object(Config\Cache), false)
 8 FCPATH\index.php(67): CodeIgniter\CodeIgniter->run()
CRITICAL - 2023-02-07 12:50:12 --> syntax error, unexpected '}', expecting ';'
in APPPATH\Controllers\Vendas.php on line 80.
 1 SYSTEMPATH\Autoloader\Autoloader.php(289): CodeIgniter\Autoloader\Autoloader->includeFile('APPPATH\\Controllers\\Vendas.php')
 2 SYSTEMPATH\Autoloader\Autoloader.php(267): CodeIgniter\Autoloader\Autoloader->loadInNamespace('App\\Controllers\\Vendas')
 3 [internal function]: CodeIgniter\Autoloader\Autoloader->loadClass('App\\Controllers\\Vendas')
 4 [internal function]: spl_autoload_call('App\\Controllers\\Vendas')
 5 SYSTEMPATH\CodeIgniter.php(892): class_exists('\\App\\Controllers\\Vendas', true)
 6 SYSTEMPATH\CodeIgniter.php(486): CodeIgniter\CodeIgniter->startController()
 7 SYSTEMPATH\CodeIgniter.php(368): CodeIgniter\CodeIgniter->handleRequest(null, Object(Config\Cache), false)
 8 FCPATH\index.php(67): CodeIgniter\CodeIgniter->run()
CRITICAL - 2023-02-07 12:51:59 --> syntax error, unexpected '}', expecting ';'
in APPPATH\Controllers\Vendas.php on line 80.
 1 SYSTEMPATH\Autoloader\Autoloader.php(289): CodeIgniter\Autoloader\Autoloader->includeFile('APPPATH\\Controllers\\Vendas.php')
 2 SYSTEMPATH\Autoloader\Autoloader.php(267): CodeIgniter\Autoloader\Autoloader->loadInNamespace('App\\Controllers\\Vendas')
 3 [internal function]: CodeIgniter\Autoloader\Autoloader->loadClass('App\\Controllers\\Vendas')
 4 [internal function]: spl_autoload_call('App\\Controllers\\Vendas')
 5 SYSTEMPATH\CodeIgniter.php(892): class_exists('\\App\\Controllers\\Vendas', true)
 6 SYSTEMPATH\CodeIgniter.php(486): CodeIgniter\CodeIgniter->startController()
 7 SYSTEMPATH\CodeIgniter.php(368): CodeIgniter\CodeIgniter->handleRequest(null, Object(Config\Cache), false)
 8 FCPATH\index.php(67): CodeIgniter\CodeIgniter->run()
CRITICAL - 2023-02-07 12:52:24 --> syntax error, unexpected '}', expecting ';'
in APPPATH\Controllers\Vendas.php on line 80.
 1 SYSTEMPATH\Autoloader\Autoloader.php(289): CodeIgniter\Autoloader\Autoloader->includeFile('APPPATH\\Controllers\\Vendas.php')
 2 SYSTEMPATH\Autoloader\Autoloader.php(267): CodeIgniter\Autoloader\Autoloader->loadInNamespace('App\\Controllers\\Vendas')
 3 [internal function]: CodeIgniter\Autoloader\Autoloader->loadClass('App\\Controllers\\Vendas')
 4 [internal function]: spl_autoload_call('App\\Controllers\\Vendas')
 5 SYSTEMPATH\CodeIgniter.php(892): class_exists('\\App\\Controllers\\Vendas', true)
 6 SYSTEMPATH\CodeIgniter.php(486): CodeIgniter\CodeIgniter->startController()
 7 SYSTEMPATH\CodeIgniter.php(368): CodeIgniter\CodeIgniter->handleRequest(null, Object(Config\Cache), false)
 8 FCPATH\index.php(67): CodeIgniter\CodeIgniter->run()
CRITICAL - 2023-02-07 12:53:03 --> syntax error, unexpected '}', expecting ';'
in APPPATH\Controllers\Vendas.php on line 80.
 1 SYSTEMPATH\Autoloader\Autoloader.php(289): CodeIgniter\Autoloader\Autoloader->includeFile('APPPATH\\Controllers\\Vendas.php')
 2 SYSTEMPATH\Autoloader\Autoloader.php(267): CodeIgniter\Autoloader\Autoloader->loadInNamespace('App\\Controllers\\Vendas')
 3 [internal function]: CodeIgniter\Autoloader\Autoloader->loadClass('App\\Controllers\\Vendas')
 4 [internal function]: spl_autoload_call('App\\Controllers\\Vendas')
 5 SYSTEMPATH\CodeIgniter.php(892): class_exists('\\App\\Controllers\\Vendas', true)
 6 SYSTEMPATH\CodeIgniter.php(486): CodeIgniter\CodeIgniter->startController()
 7 SYSTEMPATH\CodeIgniter.php(368): CodeIgniter\CodeIgniter->handleRequest(null, Object(Config\Cache), false)
 8 FCPATH\index.php(67): CodeIgniter\CodeIgniter->run()
CRITICAL - 2023-02-07 13:03:53 --> syntax error, unexpected '('
in APPPATH\Controllers\Vendas.php on line 76.
 1 SYSTEMPATH\Autoloader\Autoloader.php(289): CodeIgniter\Autoloader\Autoloader->includeFile('APPPATH\\Controllers\\Vendas.php')
 2 SYSTEMPATH\Autoloader\Autoloader.php(267): CodeIgniter\Autoloader\Autoloader->loadInNamespace('App\\Controllers\\Vendas')
 3 [internal function]: CodeIgniter\Autoloader\Autoloader->loadClass('App\\Controllers\\Vendas')
 4 [internal function]: spl_autoload_call('App\\Controllers\\Vendas')
 5 SYSTEMPATH\CodeIgniter.php(892): class_exists('\\App\\Controllers\\Vendas', true)
 6 SYSTEMPATH\CodeIgniter.php(486): CodeIgniter\CodeIgniter->startController()
 7 SYSTEMPATH\CodeIgniter.php(368): CodeIgniter\CodeIgniter->handleRequest(null, Object(Config\Cache), false)
 8 FCPATH\index.php(67): CodeIgniter\CodeIgniter->run()
CRITICAL - 2023-02-07 13:04:02 --> syntax error, unexpected '('
in APPPATH\Controllers\Vendas.php on line 76.
 1 SYSTEMPATH\Autoloader\Autoloader.php(289): CodeIgniter\Autoloader\Autoloader->includeFile('APPPATH\\Controllers\\Vendas.php')
 2 SYSTEMPATH\Autoloader\Autoloader.php(267): CodeIgniter\Autoloader\Autoloader->loadInNamespace('App\\Controllers\\Vendas')
 3 [internal function]: CodeIgniter\Autoloader\Autoloader->loadClass('App\\Controllers\\Vendas')
 4 [internal function]: spl_autoload_call('App\\Controllers\\Vendas')
 5 SYSTEMPATH\CodeIgniter.php(892): class_exists('\\App\\Controllers\\Vendas', true)
 6 SYSTEMPATH\CodeIgniter.php(486): CodeIgniter\CodeIgniter->startController()
 7 SYSTEMPATH\CodeIgniter.php(368): CodeIgniter\CodeIgniter->handleRequest(null, Object(Config\Cache), false)
 8 FCPATH\index.php(67): CodeIgniter\CodeIgniter->run()
CRITICAL - 2023-02-07 13:04:09 --> syntax error, unexpected '('
in APPPATH\Controllers\Vendas.php on line 76.
 1 SYSTEMPATH\Autoloader\Autoloader.php(289): CodeIgniter\Autoloader\Autoloader->includeFile('APPPATH\\Controllers\\Vendas.php')
 2 SYSTEMPATH\Autoloader\Autoloader.php(267): CodeIgniter\Autoloader\Autoloader->loadInNamespace('App\\Controllers\\Vendas')
 3 [internal function]: CodeIgniter\Autoloader\Autoloader->loadClass('App\\Controllers\\Vendas')
 4 [internal function]: spl_autoload_call('App\\Controllers\\Vendas')
 5 SYSTEMPATH\CodeIgniter.php(892): class_exists('\\App\\Controllers\\Vendas', true)
 6 SYSTEMPATH\CodeIgniter.php(486): CodeIgniter\CodeIgniter->startController()
 7 SYSTEMPATH\CodeIgniter.php(368): CodeIgniter\CodeIgniter->handleRequest(null, Object(Config\Cache), false)
 8 FCPATH\index.php(67): CodeIgniter\CodeIgniter->run()
CRITICAL - 2023-02-07 14:33:00 --> syntax error, unexpected '('
in APPPATH\Controllers\Vendas.php on line 76.
 1 SYSTEMPATH\Autoloader\Autoloader.php(289): CodeIgniter\Autoloader\Autoloader->includeFile('APPPATH\\Controllers\\Vendas.php')
 2 SYSTEMPATH\Autoloader\Autoloader.php(267): CodeIgniter\Autoloader\Autoloader->loadInNamespace('App\\Controllers\\Vendas')
 3 [internal function]: CodeIgniter\Autoloader\Autoloader->loadClass('App\\Controllers\\Vendas')
 4 [internal function]: spl_autoload_call('App\\Controllers\\Vendas')
 5 SYSTEMPATH\CodeIgniter.php(892): class_exists('\\App\\Controllers\\Vendas', true)
 6 SYSTEMPATH\CodeIgniter.php(486): CodeIgniter\CodeIgniter->startController()
 7 SYSTEMPATH\CodeIgniter.php(368): CodeIgniter\CodeIgniter->handleRequest(null, Object(Config\Cache), false)
 8 FCPATH\index.php(67): CodeIgniter\CodeIgniter->run()
CRITICAL - 2023-02-07 14:33:06 --> syntax error, unexpected '('
in APPPATH\Controllers\Vendas.php on line 76.
 1 SYSTEMPATH\Autoloader\Autoloader.php(289): CodeIgniter\Autoloader\Autoloader->includeFile('APPPATH\\Controllers\\Vendas.php')
 2 SYSTEMPATH\Autoloader\Autoloader.php(267): CodeIgniter\Autoloader\Autoloader->loadInNamespace('App\\Controllers\\Vendas')
 3 [internal function]: CodeIgniter\Autoloader\Autoloader->loadClass('App\\Controllers\\Vendas')
 4 [internal function]: spl_autoload_call('App\\Controllers\\Vendas')
 5 SYSTEMPATH\CodeIgniter.php(892): class_exists('\\App\\Controllers\\Vendas', true)
 6 SYSTEMPATH\CodeIgniter.php(486): CodeIgniter\CodeIgniter->startController()
 7 SYSTEMPATH\CodeIgniter.php(368): CodeIgniter\CodeIgniter->handleRequest(null, Object(Config\Cache), false)
 8 FCPATH\index.php(67): CodeIgniter\CodeIgniter->run()
ERROR - 2023-02-07 14:59:40 --> mysqli_sql_exception: You have an error in your SQL syntax; check the manual that corresponds to your MySQL server version for the right syntax to use near '' at line 5 in C:\laragon\www\sistema_vendas_comfauna_2.0\system\Database\MySQLi\Connection.php:295
Stack trace:
#0 C:\laragon\www\sistema_vendas_comfauna_2.0\system\Database\MySQLi\Connection.php(295): mysqli->query('SELECT os.data_...', 0)
#1 C:\laragon\www\sistema_vendas_comfauna_2.0\system\Database\BaseConnection.php(691): CodeIgniter\Database\MySQLi\Connection->execute('SELECT os.data_...')
#2 C:\laragon\www\sistema_vendas_comfauna_2.0\system\Database\BaseConnection.php(605): CodeIgniter\Database\BaseConnection->simpleQuery('SELECT os.data_...')
#3 C:\laragon\www\sistema_vendas_comfauna_2.0\app\Controllers\Vendas.php(85): CodeIgniter\Database\BaseConnection->query('SELECT os.data_...')
#4 C:\laragon\www\sistema_vendas_comfauna_2.0\system\CodeIgniter.php(934): App\Controllers\Vendas->historicoClientes()
#5 C:\laragon\www\sistema_vendas_comfauna_2.0\system\CodeIgniter.php(499): CodeIgniter\CodeIgniter->runController(Object(App\Controllers\Vendas))
#6 C:\laragon\www\sistema_vendas_comfauna_2.0\system\CodeIgniter.php(368): CodeIgniter\CodeIgniter->handleRequest(NULL, Object(Config\Cache), false)
#7 C:\laragon\www\sistema_vendas_comfauna_2.0\public\index.php(67): CodeIgniter\CodeIgniter->run()
#8 {main}
CRITICAL - 2023-02-07 14:59:40 --> You have an error in your SQL syntax; check the manual that corresponds to your MySQL server version for the right syntax to use near '' at line 5
in SYSTEMPATH\Database\BaseConnection.php on line 645.
 1 APPPATH\Controllers\Vendas.php(85): CodeIgniter\Database\BaseConnection->query('SELECT os.data_pedido, os.valor_total, os.status, os.forma_pagamento, nfe.status 
        FROM os
        INNER JOIN nfe 
        ON os.id_os = nfe.id_os
        WHERE os.cpf_cnpj = 
        ')
 2 SYSTEMPATH\CodeIgniter.php(934): App\Controllers\Vendas->historicoClientes()
 3 SYSTEMPATH\CodeIgniter.php(499): CodeIgniter\CodeIgniter->runController(Object(App\Controllers\Vendas))
 4 SYSTEMPATH\CodeIgniter.php(368): CodeIgniter\CodeIgniter->handleRequest(null, Object(Config\Cache), false)
 5 FCPATH\index.php(67): CodeIgniter\CodeIgniter->run()
ERROR - 2023-02-07 15:06:37 --> mysqli_sql_exception: You have an error in your SQL syntax; check the manual that corresponds to your MySQL server version for the right syntax to use near '.736-40' at line 5 in C:\laragon\www\sistema_vendas_comfauna_2.0\system\Database\MySQLi\Connection.php:295
Stack trace:
#0 C:\laragon\www\sistema_vendas_comfauna_2.0\system\Database\MySQLi\Connection.php(295): mysqli->query('SELECT os.data_...', 0)
#1 C:\laragon\www\sistema_vendas_comfauna_2.0\system\Database\BaseConnection.php(691): CodeIgniter\Database\MySQLi\Connection->execute('SELECT os.data_...')
#2 C:\laragon\www\sistema_vendas_comfauna_2.0\system\Database\BaseConnection.php(605): CodeIgniter\Database\BaseConnection->simpleQuery('SELECT os.data_...')
#3 C:\laragon\www\sistema_vendas_comfauna_2.0\app\Controllers\Vendas.php(86): CodeIgniter\Database\BaseConnection->query('SELECT os.data_...')
#4 C:\laragon\www\sistema_vendas_comfauna_2.0\system\CodeIgniter.php(934): App\Controllers\Vendas->historicoClientes()
#5 C:\laragon\www\sistema_vendas_comfauna_2.0\system\CodeIgniter.php(499): CodeIgniter\CodeIgniter->runController(Object(App\Controllers\Vendas))
#6 C:\laragon\www\sistema_vendas_comfauna_2.0\system\CodeIgniter.php(368): CodeIgniter\CodeIgniter->handleRequest(NULL, Object(Config\Cache), false)
#7 C:\laragon\www\sistema_vendas_comfauna_2.0\public\index.php(67): CodeIgniter\CodeIgniter->run()
#8 {main}
CRITICAL - 2023-02-07 15:06:37 --> You have an error in your SQL syntax; check the manual that corresponds to your MySQL server version for the right syntax to use near '.736-40' at line 5
in SYSTEMPATH\Database\BaseConnection.php on line 645.
 1 APPPATH\Controllers\Vendas.php(86): CodeIgniter\Database\BaseConnection->query('SELECT os.data_pedido, os.valor_total, os.status, os.forma_pagamento, nfe.status 
        FROM os
        INNER JOIN nfe 
        ON os.id_os = nfe.id_os
        WHERE os.cpf_cnpj = 034.368.736-40
        ')
 2 SYSTEMPATH\CodeIgniter.php(934): App\Controllers\Vendas->historicoClientes()
 3 SYSTEMPATH\CodeIgniter.php(499): CodeIgniter\CodeIgniter->runController(Object(App\Controllers\Vendas))
 4 SYSTEMPATH\CodeIgniter.php(368): CodeIgniter\CodeIgniter->handleRequest(null, Object(Config\Cache), false)
 5 FCPATH\index.php(67): CodeIgniter\CodeIgniter->run()
