ERROR - 2023-02-16 13:36:55 --> mysqli_sql_exception: Column count doesn't match value count at row 1 in C:\laragon\www\sistema_vendas_comfauna_2.0\system\Database\MySQLi\Connection.php:295
Stack trace:
#0 C:\laragon\www\sistema_vendas_comfauna_2.0\system\Database\MySQLi\Connection.php(295): mysqli->query('INSERT INTO os ...', 0)
#1 C:\laragon\www\sistema_vendas_comfauna_2.0\system\Database\BaseConnection.php(691): CodeIgniter\Database\MySQLi\Connection->execute('INSERT INTO os ...')
#2 C:\laragon\www\sistema_vendas_comfauna_2.0\system\Database\BaseConnection.php(605): CodeIgniter\Database\BaseConnection->simpleQuery('INSERT INTO os ...')
#3 C:\laragon\www\sistema_vendas_comfauna_2.0\app\Controllers\Vendas.php(157): CodeIgniter\Database\BaseConnection->query('INSERT INTO os ...')
#4 C:\laragon\www\sistema_vendas_comfauna_2.0\system\CodeIgniter.php(934): App\Controllers\Vendas->novaVenda()
#5 C:\laragon\www\sistema_vendas_comfauna_2.0\system\CodeIgniter.php(499): CodeIgniter\CodeIgniter->runController(Object(App\Controllers\Vendas))
#6 C:\laragon\www\sistema_vendas_comfauna_2.0\system\CodeIgniter.php(368): CodeIgniter\CodeIgniter->handleRequest(NULL, Object(Config\Cache), false)
#7 C:\laragon\www\sistema_vendas_comfauna_2.0\public\index.php(67): CodeIgniter\CodeIgniter->run()
#8 {main}
CRITICAL - 2023-02-16 13:36:55 --> Column count doesn't match value count at row 1
in SYSTEMPATH\Database\BaseConnection.php on line 645.
 1 APPPATH\Controllers\Vendas.php(157): CodeIgniter\Database\BaseConnection->query('INSERT INTO os ( cliente , tipo_cliente, frete , 
            valor_total, status)
            VALUES( \'ERIVALDO ALVES IASCHEVISKI\', \'0\', \'0\', \'\')')
 2 SYSTEMPATH\CodeIgniter.php(934): App\Controllers\Vendas->novaVenda()
 3 SYSTEMPATH\CodeIgniter.php(499): CodeIgniter\CodeIgniter->runController(Object(App\Controllers\Vendas))
 4 SYSTEMPATH\CodeIgniter.php(368): CodeIgniter\CodeIgniter->handleRequest(null, Object(Config\Cache), false)
 5 FCPATH\index.php(67): CodeIgniter\CodeIgniter->run()
ERROR - 2023-02-16 13:37:02 --> mysqli_sql_exception: Column count doesn't match value count at row 1 in C:\laragon\www\sistema_vendas_comfauna_2.0\system\Database\MySQLi\Connection.php:295
Stack trace:
#0 C:\laragon\www\sistema_vendas_comfauna_2.0\system\Database\MySQLi\Connection.php(295): mysqli->query('INSERT INTO os ...', 0)
#1 C:\laragon\www\sistema_vendas_comfauna_2.0\system\Database\BaseConnection.php(691): CodeIgniter\Database\MySQLi\Connection->execute('INSERT INTO os ...')
#2 C:\laragon\www\sistema_vendas_comfauna_2.0\system\Database\BaseConnection.php(605): CodeIgniter\Database\BaseConnection->simpleQuery('INSERT INTO os ...')
#3 C:\laragon\www\sistema_vendas_comfauna_2.0\app\Controllers\Vendas.php(157): CodeIgniter\Database\BaseConnection->query('INSERT INTO os ...')
#4 C:\laragon\www\sistema_vendas_comfauna_2.0\system\CodeIgniter.php(934): App\Controllers\Vendas->novaVenda()
#5 C:\laragon\www\sistema_vendas_comfauna_2.0\system\CodeIgniter.php(499): CodeIgniter\CodeIgniter->runController(Object(App\Controllers\Vendas))
#6 C:\laragon\www\sistema_vendas_comfauna_2.0\system\CodeIgniter.php(368): CodeIgniter\CodeIgniter->handleRequest(NULL, Object(Config\Cache), false)
#7 C:\laragon\www\sistema_vendas_comfauna_2.0\public\index.php(67): CodeIgniter\CodeIgniter->run()
#8 {main}
CRITICAL - 2023-02-16 13:37:02 --> Column count doesn't match value count at row 1
in SYSTEMPATH\Database\BaseConnection.php on line 645.
 1 APPPATH\Controllers\Vendas.php(157): CodeIgniter\Database\BaseConnection->query('INSERT INTO os ( cliente , tipo_cliente, frete , 
            valor_total, status)
            VALUES( \'ERIVALDO ALVES IASCHEVISKI\', \'0\', \'0\', \'\')')
 2 SYSTEMPATH\CodeIgniter.php(934): App\Controllers\Vendas->novaVenda()
 3 SYSTEMPATH\CodeIgniter.php(499): CodeIgniter\CodeIgniter->runController(Object(App\Controllers\Vendas))
 4 SYSTEMPATH\CodeIgniter.php(368): CodeIgniter\CodeIgniter->handleRequest(null, Object(Config\Cache), false)
 5 FCPATH\index.php(67): CodeIgniter\CodeIgniter->run()
CRITICAL - 2023-02-16 13:45:01 --> Call to a member function getResultArray() on bool
in APPPATH\Controllers\Vendas.php on line 158.
 1 SYSTEMPATH\CodeIgniter.php(934): App\Controllers\Vendas->novaVenda()
 2 SYSTEMPATH\CodeIgniter.php(499): CodeIgniter\CodeIgniter->runController(Object(App\Controllers\Vendas))
 3 SYSTEMPATH\CodeIgniter.php(368): CodeIgniter\CodeIgniter->handleRequest(null, Object(Config\Cache), false)
 4 FCPATH\index.php(67): CodeIgniter\CodeIgniter->run()
CRITICAL - 2023-02-16 13:45:16 --> Call to a member function getResult() on bool
in APPPATH\Controllers\Vendas.php on line 158.
 1 SYSTEMPATH\CodeIgniter.php(934): App\Controllers\Vendas->novaVenda()
 2 SYSTEMPATH\CodeIgniter.php(499): CodeIgniter\CodeIgniter->runController(Object(App\Controllers\Vendas))
 3 SYSTEMPATH\CodeIgniter.php(368): CodeIgniter\CodeIgniter->handleRequest(null, Object(Config\Cache), false)
 4 FCPATH\index.php(67): CodeIgniter\CodeIgniter->run()
CRITICAL - 2023-02-16 13:45:52 --> Call to a member function getRow() on bool
in APPPATH\Controllers\Vendas.php on line 158.
 1 SYSTEMPATH\CodeIgniter.php(934): App\Controllers\Vendas->novaVenda()
 2 SYSTEMPATH\CodeIgniter.php(499): CodeIgniter\CodeIgniter->runController(Object(App\Controllers\Vendas))
 3 SYSTEMPATH\CodeIgniter.php(368): CodeIgniter\CodeIgniter->handleRequest(null, Object(Config\Cache), false)
 4 FCPATH\index.php(67): CodeIgniter\CodeIgniter->run()
CRITICAL - 2023-02-16 13:47:08 --> Call to a member function insert_id() on null
in APPPATH\Controllers\Vendas.php on line 159.
 1 SYSTEMPATH\CodeIgniter.php(934): App\Controllers\Vendas->novaVenda()
 2 SYSTEMPATH\CodeIgniter.php(499): CodeIgniter\CodeIgniter->runController(Object(App\Controllers\Vendas))
 3 SYSTEMPATH\CodeIgniter.php(368): CodeIgniter\CodeIgniter->handleRequest(null, Object(Config\Cache), false)
 4 FCPATH\index.php(67): CodeIgniter\CodeIgniter->run()
CRITICAL - 2023-02-16 13:49:51 --> syntax error, unexpected '{', expecting ')'
in APPPATH\Controllers\Vendas.php on line 156.
 1 SYSTEMPATH\Autoloader\Autoloader.php(289): CodeIgniter\Autoloader\Autoloader->includeFile('APPPATH\\Controllers\\Vendas.php')
 2 SYSTEMPATH\Autoloader\Autoloader.php(267): CodeIgniter\Autoloader\Autoloader->loadInNamespace('App\\Controllers\\Vendas')
 3 [internal function]: CodeIgniter\Autoloader\Autoloader->loadClass('App\\Controllers\\Vendas')
 4 [internal function]: spl_autoload_call('App\\Controllers\\Vendas')
 5 SYSTEMPATH\CodeIgniter.php(892): class_exists('\\App\\Controllers\\Vendas', true)
 6 SYSTEMPATH\CodeIgniter.php(486): CodeIgniter\CodeIgniter->startController()
 7 SYSTEMPATH\CodeIgniter.php(368): CodeIgniter\CodeIgniter->handleRequest(null, Object(Config\Cache), false)
 8 FCPATH\index.php(67): CodeIgniter\CodeIgniter->run()
CRITICAL - 2023-02-16 13:50:12 --> syntax error, unexpected '{', expecting ')'
in APPPATH\Controllers\Vendas.php on line 156.
 1 SYSTEMPATH\Autoloader\Autoloader.php(289): CodeIgniter\Autoloader\Autoloader->includeFile('APPPATH\\Controllers\\Vendas.php')
 2 SYSTEMPATH\Autoloader\Autoloader.php(267): CodeIgniter\Autoloader\Autoloader->loadInNamespace('App\\Controllers\\Vendas')
 3 [internal function]: CodeIgniter\Autoloader\Autoloader->loadClass('App\\Controllers\\Vendas')
 4 [internal function]: spl_autoload_call('App\\Controllers\\Vendas')
 5 SYSTEMPATH\CodeIgniter.php(892): class_exists('\\App\\Controllers\\Vendas', true)
 6 SYSTEMPATH\CodeIgniter.php(486): CodeIgniter\CodeIgniter->startController()
 7 SYSTEMPATH\CodeIgniter.php(368): CodeIgniter\CodeIgniter->handleRequest(null, Object(Config\Cache), false)
 8 FCPATH\index.php(67): CodeIgniter\CodeIgniter->run()
CRITICAL - 2023-02-16 13:51:52 --> syntax error, unexpected '{'
in APPPATH\Controllers\Vendas.php on line 156.
 1 SYSTEMPATH\Autoloader\Autoloader.php(289): CodeIgniter\Autoloader\Autoloader->includeFile('APPPATH\\Controllers\\Vendas.php')
 2 SYSTEMPATH\Autoloader\Autoloader.php(267): CodeIgniter\Autoloader\Autoloader->loadInNamespace('App\\Controllers\\Vendas')
 3 [internal function]: CodeIgniter\Autoloader\Autoloader->loadClass('App\\Controllers\\Vendas')
 4 [internal function]: spl_autoload_call('App\\Controllers\\Vendas')
 5 SYSTEMPATH\CodeIgniter.php(892): class_exists('\\App\\Controllers\\Vendas', true)
 6 SYSTEMPATH\CodeIgniter.php(486): CodeIgniter\CodeIgniter->startController()
 7 SYSTEMPATH\CodeIgniter.php(368): CodeIgniter\CodeIgniter->handleRequest(null, Object(Config\Cache), false)
 8 FCPATH\index.php(67): CodeIgniter\CodeIgniter->run()
CRITICAL - 2023-02-16 13:52:27 --> Call to undefined method CodeIgniter\Database\MySQLi\Connection::insert_id()
in APPPATH\Controllers\Vendas.php on line 159.
 1 SYSTEMPATH\CodeIgniter.php(934): App\Controllers\Vendas->novaVenda()
 2 SYSTEMPATH\CodeIgniter.php(499): CodeIgniter\CodeIgniter->runController(Object(App\Controllers\Vendas))
 3 SYSTEMPATH\CodeIgniter.php(368): CodeIgniter\CodeIgniter->handleRequest(null, Object(Config\Cache), false)
 4 FCPATH\index.php(67): CodeIgniter\CodeIgniter->run()
CRITICAL - 2023-02-16 13:52:44 --> Call to undefined method CodeIgniter\Database\MySQLi\Connection::insert_id()
in APPPATH\Controllers\Vendas.php on line 159.
 1 SYSTEMPATH\CodeIgniter.php(934): App\Controllers\Vendas->novaVenda()
 2 SYSTEMPATH\CodeIgniter.php(499): CodeIgniter\CodeIgniter->runController(Object(App\Controllers\Vendas))
 3 SYSTEMPATH\CodeIgniter.php(368): CodeIgniter\CodeIgniter->handleRequest(null, Object(Config\Cache), false)
 4 FCPATH\index.php(67): CodeIgniter\CodeIgniter->run()
CRITICAL - 2023-02-16 13:54:32 --> Call to a member function get() on bool
in APPPATH\Controllers\Vendas.php on line 158.
 1 SYSTEMPATH\CodeIgniter.php(934): App\Controllers\Vendas->novaVenda()
 2 SYSTEMPATH\CodeIgniter.php(499): CodeIgniter\CodeIgniter->runController(Object(App\Controllers\Vendas))
 3 SYSTEMPATH\CodeIgniter.php(368): CodeIgniter\CodeIgniter->handleRequest(null, Object(Config\Cache), false)
 4 FCPATH\index.php(67): CodeIgniter\CodeIgniter->run()
CRITICAL - 2023-02-16 13:56:17 --> syntax error, unexpected ';'
in APPPATH\Controllers\Vendas.php on line 158.
 1 SYSTEMPATH\Autoloader\Autoloader.php(289): CodeIgniter\Autoloader\Autoloader->includeFile('APPPATH\\Controllers\\Vendas.php')
 2 SYSTEMPATH\Autoloader\Autoloader.php(267): CodeIgniter\Autoloader\Autoloader->loadInNamespace('App\\Controllers\\Vendas')
 3 [internal function]: CodeIgniter\Autoloader\Autoloader->loadClass('App\\Controllers\\Vendas')
 4 [internal function]: spl_autoload_call('App\\Controllers\\Vendas')
 5 SYSTEMPATH\CodeIgniter.php(892): class_exists('\\App\\Controllers\\Vendas', true)
 6 SYSTEMPATH\CodeIgniter.php(486): CodeIgniter\CodeIgniter->startController()
 7 SYSTEMPATH\CodeIgniter.php(368): CodeIgniter\CodeIgniter->handleRequest(null, Object(Config\Cache), false)
 8 FCPATH\index.php(67): CodeIgniter\CodeIgniter->run()
CRITICAL - 2023-02-16 13:56:27 --> syntax error, unexpected ';'
in APPPATH\Controllers\Vendas.php on line 158.
 1 SYSTEMPATH\Autoloader\Autoloader.php(289): CodeIgniter\Autoloader\Autoloader->includeFile('APPPATH\\Controllers\\Vendas.php')
 2 SYSTEMPATH\Autoloader\Autoloader.php(267): CodeIgniter\Autoloader\Autoloader->loadInNamespace('App\\Controllers\\Vendas')
 3 [internal function]: CodeIgniter\Autoloader\Autoloader->loadClass('App\\Controllers\\Vendas')
 4 [internal function]: spl_autoload_call('App\\Controllers\\Vendas')
 5 SYSTEMPATH\CodeIgniter.php(892): class_exists('\\App\\Controllers\\Vendas', true)
 6 SYSTEMPATH\CodeIgniter.php(486): CodeIgniter\CodeIgniter->startController()
 7 SYSTEMPATH\CodeIgniter.php(368): CodeIgniter\CodeIgniter->handleRequest(null, Object(Config\Cache), false)
 8 FCPATH\index.php(67): CodeIgniter\CodeIgniter->run()
CRITICAL - 2023-02-16 13:56:43 --> Call to undefined method CodeIgniter\Database\MySQLi\Connection::limit()
in APPPATH\Controllers\Vendas.php on line 160.
 1 SYSTEMPATH\CodeIgniter.php(934): App\Controllers\Vendas->novaVenda()
 2 SYSTEMPATH\CodeIgniter.php(499): CodeIgniter\CodeIgniter->runController(Object(App\Controllers\Vendas))
 3 SYSTEMPATH\CodeIgniter.php(368): CodeIgniter\CodeIgniter->handleRequest(null, Object(Config\Cache), false)
 4 FCPATH\index.php(67): CodeIgniter\CodeIgniter->run()
CRITICAL - 2023-02-16 13:56:59 --> Call to undefined method CodeIgniter\Database\MySQLi\Connection::limit()
in APPPATH\Controllers\Vendas.php on line 160.
 1 SYSTEMPATH\CodeIgniter.php(934): App\Controllers\Vendas->novaVenda()
 2 SYSTEMPATH\CodeIgniter.php(499): CodeIgniter\CodeIgniter->runController(Object(App\Controllers\Vendas))
 3 SYSTEMPATH\CodeIgniter.php(368): CodeIgniter\CodeIgniter->handleRequest(null, Object(Config\Cache), false)
 4 FCPATH\index.php(67): CodeIgniter\CodeIgniter->run()
CRITICAL - 2023-02-16 13:57:20 --> Call to undefined method CodeIgniter\Database\MySQLi\Connection::limit()
in APPPATH\Controllers\Vendas.php on line 160.
 1 SYSTEMPATH\CodeIgniter.php(934): App\Controllers\Vendas->novaVenda()
 2 SYSTEMPATH\CodeIgniter.php(499): CodeIgniter\CodeIgniter->runController(Object(App\Controllers\Vendas))
 3 SYSTEMPATH\CodeIgniter.php(368): CodeIgniter\CodeIgniter->handleRequest(null, Object(Config\Cache), false)
 4 FCPATH\index.php(67): CodeIgniter\CodeIgniter->run()
CRITICAL - 2023-02-16 13:57:27 --> Call to undefined method CodeIgniter\Database\MySQLi\Connection::limit()
in APPPATH\Controllers\Vendas.php on line 160.
 1 SYSTEMPATH\CodeIgniter.php(934): App\Controllers\Vendas->novaVenda()
 2 SYSTEMPATH\CodeIgniter.php(499): CodeIgniter\CodeIgniter->runController(Object(App\Controllers\Vendas))
 3 SYSTEMPATH\CodeIgniter.php(368): CodeIgniter\CodeIgniter->handleRequest(null, Object(Config\Cache), false)
 4 FCPATH\index.php(67): CodeIgniter\CodeIgniter->run()
CRITICAL - 2023-02-16 14:00:38 --> Cannot use object of type stdClass as array
in APPPATH\Controllers\Vendas.php on line 160.
 1 SYSTEMPATH\CodeIgniter.php(934): App\Controllers\Vendas->novaVenda()
 2 SYSTEMPATH\CodeIgniter.php(499): CodeIgniter\CodeIgniter->runController(Object(App\Controllers\Vendas))
 3 SYSTEMPATH\CodeIgniter.php(368): CodeIgniter\CodeIgniter->handleRequest(null, Object(Config\Cache), false)
 4 FCPATH\index.php(67): CodeIgniter\CodeIgniter->run()
CRITICAL - 2023-02-16 14:07:40 --> syntax error, unexpected 'die' (T_EXIT)
in APPPATH\Controllers\Vendas.php on line 167.
 1 SYSTEMPATH\Autoloader\Autoloader.php(289): CodeIgniter\Autoloader\Autoloader->includeFile('APPPATH\\Controllers\\Vendas.php')
 2 SYSTEMPATH\Autoloader\Autoloader.php(267): CodeIgniter\Autoloader\Autoloader->loadInNamespace('App\\Controllers\\Vendas')
 3 [internal function]: CodeIgniter\Autoloader\Autoloader->loadClass('App\\Controllers\\Vendas')
 4 [internal function]: spl_autoload_call('App\\Controllers\\Vendas')
 5 SYSTEMPATH\CodeIgniter.php(892): class_exists('\\App\\Controllers\\Vendas', true)
 6 SYSTEMPATH\CodeIgniter.php(486): CodeIgniter\CodeIgniter->startController()
 7 SYSTEMPATH\CodeIgniter.php(368): CodeIgniter\CodeIgniter->handleRequest(null, Object(Config\Cache), false)
 8 FCPATH\index.php(67): CodeIgniter\CodeIgniter->run()
CRITICAL - 2023-02-16 14:07:56 --> syntax error, unexpected 'die' (T_EXIT)
in APPPATH\Controllers\Vendas.php on line 167.
 1 SYSTEMPATH\Autoloader\Autoloader.php(289): CodeIgniter\Autoloader\Autoloader->includeFile('APPPATH\\Controllers\\Vendas.php')
 2 SYSTEMPATH\Autoloader\Autoloader.php(267): CodeIgniter\Autoloader\Autoloader->loadInNamespace('App\\Controllers\\Vendas')
 3 [internal function]: CodeIgniter\Autoloader\Autoloader->loadClass('App\\Controllers\\Vendas')
 4 [internal function]: spl_autoload_call('App\\Controllers\\Vendas')
 5 SYSTEMPATH\CodeIgniter.php(892): class_exists('\\App\\Controllers\\Vendas', true)
 6 SYSTEMPATH\CodeIgniter.php(486): CodeIgniter\CodeIgniter->startController()
 7 SYSTEMPATH\CodeIgniter.php(368): CodeIgniter\CodeIgniter->handleRequest(null, Object(Config\Cache), false)
 8 FCPATH\index.php(67): CodeIgniter\CodeIgniter->run()
CRITICAL - 2023-02-16 14:08:20 --> syntax error, unexpected 'die' (T_EXIT)
in APPPATH\Controllers\Vendas.php on line 167.
 1 SYSTEMPATH\Autoloader\Autoloader.php(289): CodeIgniter\Autoloader\Autoloader->includeFile('APPPATH\\Controllers\\Vendas.php')
 2 SYSTEMPATH\Autoloader\Autoloader.php(267): CodeIgniter\Autoloader\Autoloader->loadInNamespace('App\\Controllers\\Vendas')
 3 [internal function]: CodeIgniter\Autoloader\Autoloader->loadClass('App\\Controllers\\Vendas')
 4 [internal function]: spl_autoload_call('App\\Controllers\\Vendas')
 5 SYSTEMPATH\CodeIgniter.php(892): class_exists('\\App\\Controllers\\Vendas', true)
 6 SYSTEMPATH\CodeIgniter.php(486): CodeIgniter\CodeIgniter->startController()
 7 SYSTEMPATH\CodeIgniter.php(368): CodeIgniter\CodeIgniter->handleRequest(null, Object(Config\Cache), false)
 8 FCPATH\index.php(67): CodeIgniter\CodeIgniter->run()
CRITICAL - 2023-02-16 14:08:34 --> syntax error, unexpected 'die' (T_EXIT)
in APPPATH\Controllers\Vendas.php on line 167.
 1 SYSTEMPATH\Autoloader\Autoloader.php(289): CodeIgniter\Autoloader\Autoloader->includeFile('APPPATH\\Controllers\\Vendas.php')
 2 SYSTEMPATH\Autoloader\Autoloader.php(267): CodeIgniter\Autoloader\Autoloader->loadInNamespace('App\\Controllers\\Vendas')
 3 [internal function]: CodeIgniter\Autoloader\Autoloader->loadClass('App\\Controllers\\Vendas')
 4 [internal function]: spl_autoload_call('App\\Controllers\\Vendas')
 5 SYSTEMPATH\CodeIgniter.php(892): class_exists('\\App\\Controllers\\Vendas', true)
 6 SYSTEMPATH\CodeIgniter.php(486): CodeIgniter\CodeIgniter->startController()
 7 SYSTEMPATH\CodeIgniter.php(368): CodeIgniter\CodeIgniter->handleRequest(null, Object(Config\Cache), false)
 8 FCPATH\index.php(67): CodeIgniter\CodeIgniter->run()
CRITICAL - 2023-02-16 14:08:45 --> syntax error, unexpected 'die' (T_EXIT)
in APPPATH\Controllers\Vendas.php on line 167.
 1 SYSTEMPATH\Autoloader\Autoloader.php(289): CodeIgniter\Autoloader\Autoloader->includeFile('APPPATH\\Controllers\\Vendas.php')
 2 SYSTEMPATH\Autoloader\Autoloader.php(267): CodeIgniter\Autoloader\Autoloader->loadInNamespace('App\\Controllers\\Vendas')
 3 [internal function]: CodeIgniter\Autoloader\Autoloader->loadClass('App\\Controllers\\Vendas')
 4 [internal function]: spl_autoload_call('App\\Controllers\\Vendas')
 5 SYSTEMPATH\CodeIgniter.php(892): class_exists('\\App\\Controllers\\Vendas', true)
 6 SYSTEMPATH\CodeIgniter.php(486): CodeIgniter\CodeIgniter->startController()
 7 SYSTEMPATH\CodeIgniter.php(368): CodeIgniter\CodeIgniter->handleRequest(null, Object(Config\Cache), false)
 8 FCPATH\index.php(67): CodeIgniter\CodeIgniter->run()
CRITICAL - 2023-02-16 14:09:26 --> syntax error, unexpected 'die' (T_EXIT)
in APPPATH\Controllers\Vendas.php on line 167.
 1 SYSTEMPATH\Autoloader\Autoloader.php(289): CodeIgniter\Autoloader\Autoloader->includeFile('APPPATH\\Controllers\\Vendas.php')
 2 SYSTEMPATH\Autoloader\Autoloader.php(267): CodeIgniter\Autoloader\Autoloader->loadInNamespace('App\\Controllers\\Vendas')
 3 [internal function]: CodeIgniter\Autoloader\Autoloader->loadClass('App\\Controllers\\Vendas')
 4 [internal function]: spl_autoload_call('App\\Controllers\\Vendas')
 5 SYSTEMPATH\CodeIgniter.php(892): class_exists('\\App\\Controllers\\Vendas', true)
 6 SYSTEMPATH\CodeIgniter.php(486): CodeIgniter\CodeIgniter->startController()
 7 SYSTEMPATH\CodeIgniter.php(368): CodeIgniter\CodeIgniter->handleRequest(null, Object(Config\Cache), false)
 8 FCPATH\index.php(67): CodeIgniter\CodeIgniter->run()
CRITICAL - 2023-02-16 14:09:30 --> syntax error, unexpected 'die' (T_EXIT)
in APPPATH\Controllers\Vendas.php on line 167.
 1 SYSTEMPATH\Autoloader\Autoloader.php(289): CodeIgniter\Autoloader\Autoloader->includeFile('APPPATH\\Controllers\\Vendas.php')
 2 SYSTEMPATH\Autoloader\Autoloader.php(267): CodeIgniter\Autoloader\Autoloader->loadInNamespace('App\\Controllers\\Vendas')
 3 [internal function]: CodeIgniter\Autoloader\Autoloader->loadClass('App\\Controllers\\Vendas')
 4 [internal function]: spl_autoload_call('App\\Controllers\\Vendas')
 5 SYSTEMPATH\CodeIgniter.php(892): class_exists('\\App\\Controllers\\Vendas', true)
 6 SYSTEMPATH\CodeIgniter.php(486): CodeIgniter\CodeIgniter->startController()
 7 SYSTEMPATH\CodeIgniter.php(368): CodeIgniter\CodeIgniter->handleRequest(null, Object(Config\Cache), false)
 8 FCPATH\index.php(67): CodeIgniter\CodeIgniter->run()
CRITICAL - 2023-02-16 14:09:32 --> syntax error, unexpected 'die' (T_EXIT)
in APPPATH\Controllers\Vendas.php on line 167.
 1 SYSTEMPATH\Autoloader\Autoloader.php(289): CodeIgniter\Autoloader\Autoloader->includeFile('APPPATH\\Controllers\\Vendas.php')
 2 SYSTEMPATH\Autoloader\Autoloader.php(267): CodeIgniter\Autoloader\Autoloader->loadInNamespace('App\\Controllers\\Vendas')
 3 [internal function]: CodeIgniter\Autoloader\Autoloader->loadClass('App\\Controllers\\Vendas')
 4 [internal function]: spl_autoload_call('App\\Controllers\\Vendas')
 5 SYSTEMPATH\CodeIgniter.php(892): class_exists('\\App\\Controllers\\Vendas', true)
 6 SYSTEMPATH\CodeIgniter.php(486): CodeIgniter\CodeIgniter->startController()
 7 SYSTEMPATH\CodeIgniter.php(368): CodeIgniter\CodeIgniter->handleRequest(null, Object(Config\Cache), false)
 8 FCPATH\index.php(67): CodeIgniter\CodeIgniter->run()
CRITICAL - 2023-02-16 14:09:48 --> syntax error, unexpected 'die' (T_EXIT)
in APPPATH\Controllers\Vendas.php on line 167.
 1 SYSTEMPATH\Autoloader\Autoloader.php(289): CodeIgniter\Autoloader\Autoloader->includeFile('APPPATH\\Controllers\\Vendas.php')
 2 SYSTEMPATH\Autoloader\Autoloader.php(267): CodeIgniter\Autoloader\Autoloader->loadInNamespace('App\\Controllers\\Vendas')
 3 [internal function]: CodeIgniter\Autoloader\Autoloader->loadClass('App\\Controllers\\Vendas')
 4 [internal function]: spl_autoload_call('App\\Controllers\\Vendas')
 5 SYSTEMPATH\CodeIgniter.php(892): class_exists('\\App\\Controllers\\Vendas', true)
 6 SYSTEMPATH\CodeIgniter.php(486): CodeIgniter\CodeIgniter->startController()
 7 SYSTEMPATH\CodeIgniter.php(368): CodeIgniter\CodeIgniter->handleRequest(null, Object(Config\Cache), false)
 8 FCPATH\index.php(67): CodeIgniter\CodeIgniter->run()
CRITICAL - 2023-02-16 14:09:49 --> syntax error, unexpected 'die' (T_EXIT)
in APPPATH\Controllers\Vendas.php on line 167.
 1 SYSTEMPATH\Autoloader\Autoloader.php(289): CodeIgniter\Autoloader\Autoloader->includeFile('APPPATH\\Controllers\\Vendas.php')
 2 SYSTEMPATH\Autoloader\Autoloader.php(267): CodeIgniter\Autoloader\Autoloader->loadInNamespace('App\\Controllers\\Vendas')
 3 [internal function]: CodeIgniter\Autoloader\Autoloader->loadClass('App\\Controllers\\Vendas')
 4 [internal function]: spl_autoload_call('App\\Controllers\\Vendas')
 5 SYSTEMPATH\CodeIgniter.php(892): class_exists('\\App\\Controllers\\Vendas', true)
 6 SYSTEMPATH\CodeIgniter.php(486): CodeIgniter\CodeIgniter->startController()
 7 SYSTEMPATH\CodeIgniter.php(368): CodeIgniter\CodeIgniter->handleRequest(null, Object(Config\Cache), false)
 8 FCPATH\index.php(67): CodeIgniter\CodeIgniter->run()
CRITICAL - 2023-02-16 14:09:51 --> syntax error, unexpected 'die' (T_EXIT)
in APPPATH\Controllers\Vendas.php on line 167.
 1 SYSTEMPATH\Autoloader\Autoloader.php(289): CodeIgniter\Autoloader\Autoloader->includeFile('APPPATH\\Controllers\\Vendas.php')
 2 SYSTEMPATH\Autoloader\Autoloader.php(267): CodeIgniter\Autoloader\Autoloader->loadInNamespace('App\\Controllers\\Vendas')
 3 [internal function]: CodeIgniter\Autoloader\Autoloader->loadClass('App\\Controllers\\Vendas')
 4 [internal function]: spl_autoload_call('App\\Controllers\\Vendas')
 5 SYSTEMPATH\CodeIgniter.php(892): class_exists('\\App\\Controllers\\Vendas', true)
 6 SYSTEMPATH\CodeIgniter.php(486): CodeIgniter\CodeIgniter->startController()
 7 SYSTEMPATH\CodeIgniter.php(368): CodeIgniter\CodeIgniter->handleRequest(null, Object(Config\Cache), false)
 8 FCPATH\index.php(67): CodeIgniter\CodeIgniter->run()
CRITICAL - 2023-02-16 14:09:53 --> syntax error, unexpected 'die' (T_EXIT)
in APPPATH\Controllers\Vendas.php on line 167.
 1 SYSTEMPATH\Autoloader\Autoloader.php(289): CodeIgniter\Autoloader\Autoloader->includeFile('APPPATH\\Controllers\\Vendas.php')
 2 SYSTEMPATH\Autoloader\Autoloader.php(267): CodeIgniter\Autoloader\Autoloader->loadInNamespace('App\\Controllers\\Vendas')
 3 [internal function]: CodeIgniter\Autoloader\Autoloader->loadClass('App\\Controllers\\Vendas')
 4 [internal function]: spl_autoload_call('App\\Controllers\\Vendas')
 5 SYSTEMPATH\CodeIgniter.php(892): class_exists('\\App\\Controllers\\Vendas', true)
 6 SYSTEMPATH\CodeIgniter.php(486): CodeIgniter\CodeIgniter->startController()
 7 SYSTEMPATH\CodeIgniter.php(368): CodeIgniter\CodeIgniter->handleRequest(null, Object(Config\Cache), false)
 8 FCPATH\index.php(67): CodeIgniter\CodeIgniter->run()
CRITICAL - 2023-02-16 14:10:32 --> syntax error, unexpected 'die' (T_EXIT)
in APPPATH\Controllers\Vendas.php on line 167.
 1 SYSTEMPATH\Autoloader\Autoloader.php(289): CodeIgniter\Autoloader\Autoloader->includeFile('APPPATH\\Controllers\\Vendas.php')
 2 SYSTEMPATH\Autoloader\Autoloader.php(267): CodeIgniter\Autoloader\Autoloader->loadInNamespace('App\\Controllers\\Vendas')
 3 [internal function]: CodeIgniter\Autoloader\Autoloader->loadClass('App\\Controllers\\Vendas')
 4 [internal function]: spl_autoload_call('App\\Controllers\\Vendas')
 5 SYSTEMPATH\CodeIgniter.php(892): class_exists('\\App\\Controllers\\Vendas', true)
 6 SYSTEMPATH\CodeIgniter.php(486): CodeIgniter\CodeIgniter->startController()
 7 SYSTEMPATH\CodeIgniter.php(368): CodeIgniter\CodeIgniter->handleRequest(null, Object(Config\Cache), false)
 8 FCPATH\index.php(67): CodeIgniter\CodeIgniter->run()
CRITICAL - 2023-02-16 14:10:35 --> syntax error, unexpected 'die' (T_EXIT)
in APPPATH\Controllers\Vendas.php on line 167.
 1 SYSTEMPATH\Autoloader\Autoloader.php(289): CodeIgniter\Autoloader\Autoloader->includeFile('APPPATH\\Controllers\\Vendas.php')
 2 SYSTEMPATH\Autoloader\Autoloader.php(267): CodeIgniter\Autoloader\Autoloader->loadInNamespace('App\\Controllers\\Vendas')
 3 [internal function]: CodeIgniter\Autoloader\Autoloader->loadClass('App\\Controllers\\Vendas')
 4 [internal function]: spl_autoload_call('App\\Controllers\\Vendas')
 5 SYSTEMPATH\CodeIgniter.php(892): class_exists('\\App\\Controllers\\Vendas', true)
 6 SYSTEMPATH\CodeIgniter.php(486): CodeIgniter\CodeIgniter->startController()
 7 SYSTEMPATH\CodeIgniter.php(368): CodeIgniter\CodeIgniter->handleRequest(null, Object(Config\Cache), false)
 8 FCPATH\index.php(67): CodeIgniter\CodeIgniter->run()
CRITICAL - 2023-02-16 14:10:41 --> syntax error, unexpected 'die' (T_EXIT)
in APPPATH\Controllers\Vendas.php on line 167.
 1 SYSTEMPATH\Autoloader\Autoloader.php(289): CodeIgniter\Autoloader\Autoloader->includeFile('APPPATH\\Controllers\\Vendas.php')
 2 SYSTEMPATH\Autoloader\Autoloader.php(267): CodeIgniter\Autoloader\Autoloader->loadInNamespace('App\\Controllers\\Vendas')
 3 [internal function]: CodeIgniter\Autoloader\Autoloader->loadClass('App\\Controllers\\Vendas')
 4 [internal function]: spl_autoload_call('App\\Controllers\\Vendas')
 5 SYSTEMPATH\CodeIgniter.php(892): class_exists('\\App\\Controllers\\Vendas', true)
 6 SYSTEMPATH\CodeIgniter.php(486): CodeIgniter\CodeIgniter->startController()
 7 SYSTEMPATH\CodeIgniter.php(368): CodeIgniter\CodeIgniter->handleRequest(null, Object(Config\Cache), false)
 8 FCPATH\index.php(67): CodeIgniter\CodeIgniter->run()
CRITICAL - 2023-02-16 14:10:42 --> syntax error, unexpected 'die' (T_EXIT)
in APPPATH\Controllers\Vendas.php on line 167.
 1 SYSTEMPATH\Autoloader\Autoloader.php(289): CodeIgniter\Autoloader\Autoloader->includeFile('APPPATH\\Controllers\\Vendas.php')
 2 SYSTEMPATH\Autoloader\Autoloader.php(267): CodeIgniter\Autoloader\Autoloader->loadInNamespace('App\\Controllers\\Vendas')
 3 [internal function]: CodeIgniter\Autoloader\Autoloader->loadClass('App\\Controllers\\Vendas')
 4 [internal function]: spl_autoload_call('App\\Controllers\\Vendas')
 5 SYSTEMPATH\CodeIgniter.php(892): class_exists('\\App\\Controllers\\Vendas', true)
 6 SYSTEMPATH\CodeIgniter.php(486): CodeIgniter\CodeIgniter->startController()
 7 SYSTEMPATH\CodeIgniter.php(368): CodeIgniter\CodeIgniter->handleRequest(null, Object(Config\Cache), false)
 8 FCPATH\index.php(67): CodeIgniter\CodeIgniter->run()
CRITICAL - 2023-02-16 14:10:47 --> syntax error, unexpected 'die' (T_EXIT)
in APPPATH\Controllers\Vendas.php on line 167.
 1 SYSTEMPATH\Autoloader\Autoloader.php(289): CodeIgniter\Autoloader\Autoloader->includeFile('APPPATH\\Controllers\\Vendas.php')
 2 SYSTEMPATH\Autoloader\Autoloader.php(267): CodeIgniter\Autoloader\Autoloader->loadInNamespace('App\\Controllers\\Vendas')
 3 [internal function]: CodeIgniter\Autoloader\Autoloader->loadClass('App\\Controllers\\Vendas')
 4 [internal function]: spl_autoload_call('App\\Controllers\\Vendas')
 5 SYSTEMPATH\CodeIgniter.php(892): class_exists('\\App\\Controllers\\Vendas', true)
 6 SYSTEMPATH\CodeIgniter.php(486): CodeIgniter\CodeIgniter->startController()
 7 SYSTEMPATH\CodeIgniter.php(368): CodeIgniter\CodeIgniter->handleRequest(null, Object(Config\Cache), false)
 8 FCPATH\index.php(67): CodeIgniter\CodeIgniter->run()
CRITICAL - 2023-02-16 14:11:20 --> syntax error, unexpected 'die' (T_EXIT)
in APPPATH\Controllers\Vendas.php on line 168.
 1 SYSTEMPATH\Autoloader\Autoloader.php(289): CodeIgniter\Autoloader\Autoloader->includeFile('APPPATH\\Controllers\\Vendas.php')
 2 SYSTEMPATH\Autoloader\Autoloader.php(267): CodeIgniter\Autoloader\Autoloader->loadInNamespace('App\\Controllers\\Vendas')
 3 [internal function]: CodeIgniter\Autoloader\Autoloader->loadClass('App\\Controllers\\Vendas')
 4 [internal function]: spl_autoload_call('App\\Controllers\\Vendas')
 5 SYSTEMPATH\CodeIgniter.php(892): class_exists('\\App\\Controllers\\Vendas', true)
 6 SYSTEMPATH\CodeIgniter.php(486): CodeIgniter\CodeIgniter->startController()
 7 SYSTEMPATH\CodeIgniter.php(368): CodeIgniter\CodeIgniter->handleRequest(null, Object(Config\Cache), false)
 8 FCPATH\index.php(67): CodeIgniter\CodeIgniter->run()
